2026-04-25 00:05:22,371 [INFO] ADCParametersView:116 -                Rank 1 : false
2026-04-25 00:05:22,389 [INFO] ADCParametersView:116 -                Rank 1 : false
2026-04-25 00:05:22,390 [INFO] ADCParametersView:116 -                Rank 1 : false
2026-04-25 00:05:22,391 [INFO] ADCParametersView:116 -                Rank 1 : false
2026-04-25 00:05:22,391 [INFO] ADCParametersView:116 -                Rank 1 : false
2026-04-25 00:05:22,392 [INFO] ADCParametersView:116 -                Rank 1 : false
2026-04-25 00:05:22,392 [INFO] ADCParametersView:116 -                Rank 1 : false
2026-04-25 00:05:22,392 [INFO] ADCParametersView:116 -                Rank 1 : false
2026-04-25 00:05:22,394 [INFO] ADCParametersView:116 -                Rank 1 : false
2026-04-25 00:05:22,394 [INFO] ADCParametersView:116 -                Rank 1 : false
2026-04-25 00:05:22,395 [INFO] ADCParametersView:116 -                Rank 1 : false
2026-04-25 00:05:22,395 [INFO] ADCParametersView:116 -                Rank 1 : false
2026-04-25 00:05:22,395 [INFO] ADCParametersView:116 -                Rank 1 : false
2026-04-25 00:05:22,396 [INFO] ADCParametersView:116 -                Rank 1 : false
2026-04-25 00:05:22,491 [INFO] ADCParametersView:116 -                Rank 1 : false
2026-04-25 00:05:22,622 [INFO] ADCParametersView:116 -                Rank 1 : false
2026-04-25 00:05:22,623 [INFO] ADCParametersView:116 -                Rank 1 : false
2026-04-25 00:05:22,623 [INFO] ADCParametersView:116 -                Rank 1 : false
2026-04-25 00:05:22,623 [INFO] ADCParametersView:116 -                Rank 1 : false
2026-04-25 00:05:22,624 [INFO] ADCParametersView:116 -                Rank 1 : false
2026-04-25 00:05:22,624 [INFO] ADCParametersView:116 -                Rank 1 : false
2026-04-25 00:05:22,624 [INFO] ADCParametersView:116 -                Rank 1 : false
2026-04-25 00:05:22,625 [INFO] ADCParametersView:116 -                Rank 1 : false
2026-04-25 00:05:22,625 [INFO] ADCParametersView:116 -                Rank 1 : false
2026-04-25 00:05:22,625 [INFO] ADCParametersView:116 -                Rank 1 : false
2026-04-25 00:05:22,625 [INFO] ADCParametersView:116 -                Rank 1 : false
2026-04-25 00:05:22,626 [INFO] ADCParametersView:116 -                Rank 1 : false
2026-04-25 00:05:22,626 [INFO] ADCParametersView:116 -                Rank 1 : false
2026-04-25 00:05:22,626 [INFO] ADCParametersView:116 -                Rank 1 : false
2026-04-25 00:05:22,704 [INFO] ADCParametersView:116 -                Rank 1 : false
2026-04-25 00:05:23,488 [INFO] ADCParametersView:116 -                Rank 1 : false
2026-04-25 00:05:23,489 [INFO] ADCParametersView:116 -                Rank 1 : false
2026-04-25 00:05:23,489 [INFO] ADCParametersView:116 -                Rank 1 : false
2026-04-25 00:05:23,489 [INFO] ADCParametersView:116 -                Rank 1 : false
2026-04-25 00:05:23,489 [INFO] ADCParametersView:116 -                Rank 1 : false
2026-04-25 00:05:23,490 [INFO] ADCParametersView:116 -                Rank 1 : false
2026-04-25 00:05:23,490 [INFO] ADCParametersView:116 -                Rank 1 : false
2026-04-25 00:05:23,490 [INFO] ADCParametersView:116 -                Rank 1 : false
2026-04-25 00:05:23,490 [INFO] ADCParametersView:116 -                Rank 1 : false
2026-04-25 00:05:23,490 [INFO] ADCParametersView:116 -                Rank 1 : false
2026-04-25 00:05:23,490 [INFO] ADCParametersView:116 -                Rank 1 : false
2026-04-25 00:05:23,491 [INFO] ADCParametersView:116 -                Rank 1 : false
2026-04-25 00:05:23,491 [INFO] ADCParametersView:116 -                Rank 1 : false
2026-04-25 00:05:23,491 [INFO] ADCParametersView:116 -                Rank 1 : false
2026-04-25 00:05:23,592 [INFO] ADCParametersView:116 -                Rank 1 : false
2026-04-25 00:05:23,719 [INFO] ADCParametersView:116 -                Rank 1 : false
2026-04-25 00:05:23,720 [INFO] ADCParametersView:116 -                Rank 1 : false
2026-04-25 00:05:23,720 [INFO] ADCParametersView:116 -                Rank 1 : false
2026-04-25 00:05:23,720 [INFO] ADCParametersView:116 -                Rank 1 : false
2026-04-25 00:05:23,720 [INFO] ADCParametersView:116 -                Rank 1 : false
2026-04-25 00:05:23,721 [INFO] ADCParametersView:116 -                Rank 1 : false
2026-04-25 00:05:23,721 [INFO] ADCParametersView:116 -                Rank 1 : false
2026-04-25 00:05:23,721 [INFO] ADCParametersView:116 -                Rank 1 : false
2026-04-25 00:05:23,721 [INFO] ADCParametersView:116 -                Rank 1 : false
2026-04-25 00:05:23,721 [INFO] ADCParametersView:116 -                Rank 1 : false
2026-04-25 00:05:23,721 [INFO] ADCParametersView:116 -                Rank 1 : false
2026-04-25 00:05:23,722 [INFO] ADCParametersView:116 -                Rank 1 : false
2026-04-25 00:05:23,722 [INFO] ADCParametersView:116 -                Rank 1 : false
2026-04-25 00:05:23,722 [INFO] ADCParametersView:116 -                Rank 1 : false
2026-04-25 00:05:23,798 [INFO] ADCParametersView:116 -                Rank 1 : false
2026-04-25 00:09:13,530 [INFO] ADCParametersView:116 -                Rank 1 : false
2026-04-25 00:09:13,531 [INFO] ADCParametersView:116 -                Rank 1 : false
2026-04-25 00:09:13,532 [INFO] ADCParametersView:116 -                Rank 1 : false
2026-04-25 00:09:13,533 [INFO] ADCParametersView:116 -                Rank 1 : false
2026-04-25 00:09:13,534 [INFO] ADCParametersView:116 -                Rank 1 : false
2026-04-25 00:09:13,534 [INFO] ADCParametersView:116 -                Rank 1 : false
2026-04-25 00:09:13,534 [INFO] ADCParametersView:116 -                Rank 1 : false
2026-04-25 00:09:13,535 [INFO] ADCParametersView:116 -                Rank 1 : false
2026-04-25 00:09:13,535 [INFO] ADCParametersView:116 -                Rank 1 : false
2026-04-25 00:09:13,535 [INFO] ADCParametersView:116 -                Rank 1 : false
2026-04-25 00:09:13,535 [INFO] ADCParametersView:116 -                Rank 1 : false
2026-04-25 00:09:13,536 [INFO] ADCParametersView:116 -                Rank 1 : false
2026-04-25 00:09:13,536 [INFO] ADCParametersView:116 -                Rank 1 : false
2026-04-25 00:09:13,536 [INFO] ADCParametersView:116 -                Rank 1 : false
2026-04-25 00:09:13,599 [INFO] ADCParametersView:116 -                Rank 1 : false
2026-04-25 00:09:13,700 [INFO] ADCParametersView:116 -                Rank 1 : false
2026-04-25 00:09:13,700 [INFO] ADCParametersView:116 -                Rank 1 : false
2026-04-25 00:09:13,701 [INFO] ADCParametersView:116 -                Rank 1 : false
2026-04-25 00:09:13,701 [INFO] ADCParametersView:116 -                Rank 1 : false
2026-04-25 00:09:13,701 [INFO] ADCParametersView:116 -                Rank 1 : false
2026-04-25 00:09:13,701 [INFO] ADCParametersView:116 -                Rank 1 : false
2026-04-25 00:09:13,701 [INFO] ADCParametersView:116 -                Rank 1 : false
2026-04-25 00:09:13,702 [INFO] ADCParametersView:116 -                Rank 1 : false
2026-04-25 00:09:13,702 [INFO] ADCParametersView:116 -                Rank 1 : false
2026-04-25 00:09:13,702 [INFO] ADCParametersView:116 -                Rank 1 : false
2026-04-25 00:09:13,702 [INFO] ADCParametersView:116 -                Rank 1 : false
2026-04-25 00:09:13,702 [INFO] ADCParametersView:116 -                Rank 1 : false
2026-04-25 00:09:13,703 [INFO] ADCParametersView:116 -                Rank 1 : false
2026-04-25 00:09:13,703 [INFO] ADCParametersView:116 -                Rank 1 : false
2026-04-25 00:09:13,768 [INFO] ADCParametersView:116 -                Rank 1 : false
2026-04-25 00:09:14,025 [INFO] ADCParametersView:116 -                Rank 1 : false
2026-04-25 00:09:14,026 [INFO] ADCParametersView:116 -                Rank 1 : false
2026-04-25 00:09:14,026 [INFO] ADCParametersView:116 -                Rank 1 : false
2026-04-25 00:09:14,026 [INFO] ADCParametersView:116 -                Rank 1 : false
2026-04-25 00:09:14,026 [INFO] ADCParametersView:116 -                Rank 1 : false
2026-04-25 00:09:14,026 [INFO] ADCParametersView:116 -                Rank 1 : false
2026-04-25 00:09:14,026 [INFO] ADCParametersView:116 -                Rank 1 : false
2026-04-25 00:09:14,027 [INFO] ADCParametersView:116 -                Rank 1 : false
2026-04-25 00:09:14,027 [INFO] ADCParametersView:116 -                Rank 1 : false
2026-04-25 00:09:14,027 [INFO] ADCParametersView:116 -                Rank 1 : false
2026-04-25 00:09:14,027 [INFO] ADCParametersView:116 -                Rank 1 : false
2026-04-25 00:09:14,027 [INFO] ADCParametersView:116 -                Rank 1 : false
2026-04-25 00:09:14,027 [INFO] ADCParametersView:116 -                Rank 1 : false
2026-04-25 00:09:14,027 [INFO] ADCParametersView:116 -                Rank 1 : false
2026-04-25 00:09:14,083 [INFO] ADCParametersView:116 -                Rank 1 : false
2026-04-25 00:09:14,171 [INFO] ADCParametersView:116 -                Rank 1 : false
2026-04-25 00:09:14,171 [INFO] ADCParametersView:116 -                Rank 1 : false
2026-04-25 00:09:14,172 [INFO] ADCParametersView:116 -                Rank 1 : false
2026-04-25 00:09:14,172 [INFO] ADCParametersView:116 -                Rank 1 : false
2026-04-25 00:09:14,172 [INFO] ADCParametersView:116 -                Rank 1 : false
2026-04-25 00:09:14,172 [INFO] ADCParametersView:116 -                Rank 1 : false
2026-04-25 00:09:14,172 [INFO] ADCParametersView:116 -                Rank 1 : false
2026-04-25 00:09:14,172 [INFO] ADCParametersView:116 -                Rank 1 : false
2026-04-25 00:09:14,174 [INFO] ADCParametersView:116 -                Rank 1 : false
2026-04-25 00:09:14,174 [INFO] ADCParametersView:116 -                Rank 1 : false
2026-04-25 00:09:14,174 [INFO] ADCParametersView:116 -                Rank 1 : false
2026-04-25 00:09:14,174 [INFO] ADCParametersView:116 -                Rank 1 : false
2026-04-25 00:09:14,174 [INFO] ADCParametersView:116 -                Rank 1 : false
2026-04-25 00:09:14,175 [INFO] ADCParametersView:116 -                Rank 1 : false
2026-04-25 00:09:14,238 [INFO] ADCParametersView:116 -                Rank 1 : false
2026-04-25 00:09:22,060 [INFO] ParamManager:896 - [Generic UI] PropertyChangeEvent: TAB_STATUS_CHANGED , "dont care", "never mind"
2026-04-25 00:09:22,082 [INFO] ADCParametersView:116 -                Rank 1 : false
2026-04-25 00:09:22,082 [INFO] ADCParametersView:116 -                Rank 1 : false
2026-04-25 00:09:22,083 [INFO] ADCParametersView:116 -                Rank 1 : false
2026-04-25 00:09:22,083 [INFO] ADCParametersView:116 -                Rank 1 : false
2026-04-25 00:09:22,083 [INFO] ADCParametersView:116 -                Rank 1 : false
2026-04-25 00:09:22,083 [INFO] ADCParametersView:116 -                Rank 1 : false
2026-04-25 00:09:22,083 [INFO] ADCParametersView:116 -                Rank 1 : false
2026-04-25 00:09:22,083 [INFO] ADCParametersView:116 -                Rank 1 : false
2026-04-25 00:09:22,083 [INFO] ADCParametersView:116 -                Rank 1 : false
2026-04-25 00:09:22,083 [INFO] ADCParametersView:116 -                Rank 1 : false
2026-04-25 00:09:22,083 [INFO] ADCParametersView:116 -                Rank 1 : false
2026-04-25 00:09:22,083 [INFO] ADCParametersView:116 -                Rank 1 : false
2026-04-25 00:09:22,084 [INFO] ADCParametersView:116 -                Rank 1 : false
2026-04-25 00:09:22,084 [INFO] ADCParametersView:116 -                Rank 1 : false
2026-04-25 00:09:22,096 [INFO] ADCParametersView:116 -                Rank 1 : false
2026-04-25 00:09:22,153 [INFO] ADCParametersView:116 -                Rank 1 : false
2026-04-25 00:09:22,153 [INFO] ADCParametersView:116 -                Rank 1 : false
2026-04-25 00:09:22,153 [INFO] ADCParametersView:116 -                Rank 1 : false
2026-04-25 00:09:22,154 [INFO] ADCParametersView:116 -                Rank 1 : false
2026-04-25 00:09:22,154 [INFO] ADCParametersView:116 -                Rank 1 : false
2026-04-25 00:09:22,154 [INFO] ADCParametersView:116 -                Rank 1 : false
2026-04-25 00:09:22,154 [INFO] ADCParametersView:116 -                Rank 1 : false
2026-04-25 00:09:22,154 [INFO] ADCParametersView:116 -                Rank 1 : false
2026-04-25 00:09:22,154 [INFO] ADCParametersView:116 -                Rank 1 : false
2026-04-25 00:09:22,154 [INFO] ADCParametersView:116 -                Rank 1 : false
2026-04-25 00:09:22,154 [INFO] ADCParametersView:116 -                Rank 1 : false
2026-04-25 00:09:22,154 [INFO] ADCParametersView:116 -                Rank 1 : false
2026-04-25 00:09:22,154 [INFO] ADCParametersView:116 -                Rank 1 : false
2026-04-25 00:09:22,154 [INFO] ADCParametersView:116 -                Rank 1 : false
2026-04-25 00:09:22,176 [INFO] ADCParametersView:116 -                Rank 1 : false
2026-04-25 00:09:22,319 [INFO] ParamManager:896 - [Generic UI] PropertyChangeEvent: TAB_STATUS_CHANGED , "dont care", "never mind"
2026-04-25 00:09:22,377 [INFO] NvicIntPanel:101 - NVIC parent = com.st.microxplorer.plugins.ip.nvic.MultiNvicIntPanel[,0,0,0x0,invalid,layout=javax.swing.BoxLayout,alignmentX=0.0,alignmentY=0.0,border=,flags=9,maximumSize=,minimumSize=,preferredSize=]
2026-04-25 00:09:22,602 [INFO] NvicIntPanel:101 - NVIC parent = com.st.microxplorer.plugins.ip.nvic.MultiNvicIntPanel[,0,0,0x0,invalid,layout=javax.swing.BoxLayout,alignmentX=0.0,alignmentY=0.0,border=,flags=9,maximumSize=,minimumSize=,preferredSize=]
2026-04-25 00:09:22,759 [INFO] ADCParametersView:116 -                Rank 1 : false
2026-04-25 00:09:22,760 [INFO] ADCParametersView:116 -                Rank 1 : false
2026-04-25 00:09:22,760 [INFO] ADCParametersView:116 -                Rank 1 : false
2026-04-25 00:09:22,760 [INFO] ADCParametersView:116 -                Rank 1 : false
2026-04-25 00:09:22,760 [INFO] ADCParametersView:116 -                Rank 1 : false
2026-04-25 00:09:22,760 [INFO] ADCParametersView:116 -                Rank 1 : false
2026-04-25 00:09:22,760 [INFO] ADCParametersView:116 -                Rank 1 : false
2026-04-25 00:09:22,761 [INFO] ADCParametersView:116 -                Rank 1 : false
2026-04-25 00:09:22,761 [INFO] ADCParametersView:116 -                Rank 1 : false
2026-04-25 00:09:22,761 [INFO] ADCParametersView:116 -                Rank 1 : false
2026-04-25 00:09:22,762 [INFO] ADCParametersView:116 -                Rank 1 : false
2026-04-25 00:09:22,762 [INFO] ADCParametersView:116 -                Rank 1 : false
2026-04-25 00:09:22,762 [INFO] ADCParametersView:116 -                Rank 1 : false
2026-04-25 00:09:22,762 [INFO] ADCParametersView:116 -                Rank 1 : false
2026-04-25 00:09:22,806 [INFO] ADCParametersView:116 -                Rank 1 : false
2026-04-25 00:09:22,870 [INFO] ADCParametersView:116 -                Rank 1 : false
2026-04-25 00:09:22,871 [INFO] ADCParametersView:116 -                Rank 1 : false
2026-04-25 00:09:22,871 [INFO] ADCParametersView:116 -                Rank 1 : false
2026-04-25 00:09:22,871 [INFO] ADCParametersView:116 -                Rank 1 : false
2026-04-25 00:09:22,871 [INFO] ADCParametersView:116 -                Rank 1 : false
2026-04-25 00:09:22,871 [INFO] ADCParametersView:116 -                Rank 1 : false
2026-04-25 00:09:22,871 [INFO] ADCParametersView:116 -                Rank 1 : false
2026-04-25 00:09:22,871 [INFO] ADCParametersView:116 -                Rank 1 : false
2026-04-25 00:09:22,871 [INFO] ADCParametersView:116 -                Rank 1 : false
2026-04-25 00:09:22,871 [INFO] ADCParametersView:116 -                Rank 1 : false
2026-04-25 00:09:22,871 [INFO] ADCParametersView:116 -                Rank 1 : false
2026-04-25 00:09:22,872 [INFO] ADCParametersView:116 -                Rank 1 : false
2026-04-25 00:09:22,872 [INFO] ADCParametersView:116 -                Rank 1 : false
2026-04-25 00:09:22,872 [INFO] ADCParametersView:116 -                Rank 1 : false
2026-04-25 00:09:22,904 [INFO] ADCParametersView:116 -                Rank 1 : false
2026-04-25 00:09:36,301 [INFO] ADCParametersView:116 -                Rank 1 : false
2026-04-25 00:09:36,301 [INFO] ADCParametersView:116 -                Rank 1 : false
2026-04-25 00:09:36,302 [INFO] ADCParametersView:116 -                Rank 1 : false
2026-04-25 00:09:36,302 [INFO] ADCParametersView:116 -                Rank 1 : false
2026-04-25 00:09:36,302 [INFO] ADCParametersView:116 -                Rank 1 : false
2026-04-25 00:09:36,302 [INFO] ADCParametersView:116 -                Rank 1 : false
2026-04-25 00:09:36,302 [INFO] ADCParametersView:116 -                Rank 1 : false
2026-04-25 00:09:36,302 [INFO] ADCParametersView:116 -                Rank 1 : false
2026-04-25 00:09:36,302 [INFO] ADCParametersView:116 -                Rank 1 : false
2026-04-25 00:09:36,302 [INFO] ADCParametersView:116 -                Rank 1 : false
2026-04-25 00:09:36,302 [INFO] ADCParametersView:116 -                Rank 1 : false
2026-04-25 00:09:36,302 [INFO] ADCParametersView:116 -                Rank 1 : false
2026-04-25 00:09:36,302 [INFO] ADCParametersView:116 -                Rank 1 : false
2026-04-25 00:09:36,303 [INFO] ADCParametersView:116 -                Rank 1 : false
2026-04-25 00:09:36,333 [INFO] ADCParametersView:116 -                Rank 1 : false
2026-04-25 00:09:36,376 [INFO] ADCParametersView:116 -                Rank 1 : false
2026-04-25 00:09:36,376 [INFO] ADCParametersView:116 -                Rank 1 : false
2026-04-25 00:09:36,376 [INFO] ADCParametersView:116 -                Rank 1 : false
2026-04-25 00:09:36,376 [INFO] ADCParametersView:116 -                Rank 1 : false
2026-04-25 00:09:36,376 [INFO] ADCParametersView:116 -                Rank 1 : false
2026-04-25 00:09:36,376 [INFO] ADCParametersView:116 -                Rank 1 : false
2026-04-25 00:09:36,376 [INFO] ADCParametersView:116 -                Rank 1 : false
2026-04-25 00:09:36,376 [INFO] ADCParametersView:116 -                Rank 1 : false
2026-04-25 00:09:36,376 [INFO] ADCParametersView:116 -                Rank 1 : false
2026-04-25 00:09:36,376 [INFO] ADCParametersView:116 -                Rank 1 : false
2026-04-25 00:09:36,376 [INFO] ADCParametersView:116 -                Rank 1 : false
2026-04-25 00:09:36,376 [INFO] ADCParametersView:116 -                Rank 1 : false
2026-04-25 00:09:36,376 [INFO] ADCParametersView:116 -                Rank 1 : false
2026-04-25 00:09:36,376 [INFO] ADCParametersView:116 -                Rank 1 : false
2026-04-25 00:09:36,399 [INFO] ADCParametersView:116 -                Rank 1 : false
2026-04-25 00:09:36,596 [INFO] ADCParametersView:116 -                Rank 1 : false
2026-04-25 00:09:36,596 [INFO] ADCParametersView:116 -                Rank 1 : false
2026-04-25 00:09:36,596 [INFO] ADCParametersView:116 -                Rank 1 : false
2026-04-25 00:09:36,596 [INFO] ADCParametersView:116 -                Rank 1 : false
2026-04-25 00:09:36,596 [INFO] ADCParametersView:116 -                Rank 1 : false
2026-04-25 00:09:36,597 [INFO] ADCParametersView:116 -                Rank 1 : false
2026-04-25 00:09:36,597 [INFO] ADCParametersView:116 -                Rank 1 : false
2026-04-25 00:09:36,597 [INFO] ADCParametersView:116 -                Rank 1 : false
2026-04-25 00:09:36,597 [INFO] ADCParametersView:116 -                Rank 1 : false
2026-04-25 00:09:36,597 [INFO] ADCParametersView:116 -                Rank 1 : false
2026-04-25 00:09:36,597 [INFO] ADCParametersView:116 -                Rank 1 : false
2026-04-25 00:09:36,597 [INFO] ADCParametersView:116 -                Rank 1 : false
2026-04-25 00:09:36,597 [INFO] ADCParametersView:116 -                Rank 1 : false
2026-04-25 00:09:36,597 [INFO] ADCParametersView:116 -                Rank 1 : false
2026-04-25 00:09:36,618 [INFO] ADCParametersView:116 -                Rank 1 : false
2026-04-25 00:09:36,659 [INFO] ADCParametersView:116 -                Rank 1 : false
2026-04-25 00:09:36,660 [INFO] ADCParametersView:116 -                Rank 1 : false
2026-04-25 00:09:36,660 [INFO] ADCParametersView:116 -                Rank 1 : false
2026-04-25 00:09:36,660 [INFO] ADCParametersView:116 -                Rank 1 : false
2026-04-25 00:09:36,660 [INFO] ADCParametersView:116 -                Rank 1 : false
2026-04-25 00:09:36,660 [INFO] ADCParametersView:116 -                Rank 1 : false
2026-04-25 00:09:36,660 [INFO] ADCParametersView:116 -                Rank 1 : false
2026-04-25 00:09:36,660 [INFO] ADCParametersView:116 -                Rank 1 : false
2026-04-25 00:09:36,660 [INFO] ADCParametersView:116 -                Rank 1 : false
2026-04-25 00:09:36,660 [INFO] ADCParametersView:116 -                Rank 1 : false
2026-04-25 00:09:36,660 [INFO] ADCParametersView:116 -                Rank 1 : false
2026-04-25 00:09:36,660 [INFO] ADCParametersView:116 -                Rank 1 : false
2026-04-25 00:09:36,660 [INFO] ADCParametersView:116 -                Rank 1 : false
2026-04-25 00:09:36,660 [INFO] ADCParametersView:116 -                Rank 1 : false
2026-04-25 00:09:36,682 [INFO] ADCParametersView:116 -                Rank 1 : false
2026-04-25 00:09:46,332 [INFO] ParamManager:896 - [Generic UI] PropertyChangeEvent: TAB_STATUS_CHANGED , "dont care", "never mind"
2026-04-25 00:09:46,359 [INFO] ADCParametersView:116 -                Rank 1 : false
2026-04-25 00:09:46,359 [INFO] ADCParametersView:116 -                Rank 1 : false
2026-04-25 00:09:46,359 [INFO] ADCParametersView:116 -                Rank 1 : false
2026-04-25 00:09:46,359 [INFO] ADCParametersView:116 -                Rank 1 : false
2026-04-25 00:09:46,359 [INFO] ADCParametersView:116 -                Rank 1 : false
2026-04-25 00:09:46,359 [INFO] ADCParametersView:116 -                Rank 1 : false
2026-04-25 00:09:46,359 [INFO] ADCParametersView:116 -                Rank 1 : false
2026-04-25 00:09:46,359 [INFO] ADCParametersView:116 -                Rank 1 : false
2026-04-25 00:09:46,359 [INFO] ADCParametersView:116 -                Rank 1 : false
2026-04-25 00:09:46,359 [INFO] ADCParametersView:116 -                Rank 1 : false
2026-04-25 00:09:46,360 [INFO] ADCParametersView:116 -                Rank 1 : false
2026-04-25 00:09:46,360 [INFO] ADCParametersView:116 -                Rank 1 : false
2026-04-25 00:09:46,360 [INFO] ADCParametersView:116 -                Rank 1 : false
2026-04-25 00:09:46,360 [INFO] ADCParametersView:116 -                Rank 1 : false
2026-04-25 00:09:46,370 [INFO] ADCParametersView:116 -                Rank 1 : false
2026-04-25 00:09:46,397 [INFO] ADCParametersView:116 -                Rank 1 : false
2026-04-25 00:09:46,397 [INFO] ADCParametersView:116 -                Rank 1 : false
2026-04-25 00:09:46,397 [INFO] ADCParametersView:116 -                Rank 1 : false
2026-04-25 00:09:46,397 [INFO] ADCParametersView:116 -                Rank 1 : false
2026-04-25 00:09:46,397 [INFO] ADCParametersView:116 -                Rank 1 : false
2026-04-25 00:09:46,397 [INFO] ADCParametersView:116 -                Rank 1 : false
2026-04-25 00:09:46,397 [INFO] ADCParametersView:116 -                Rank 1 : false
2026-04-25 00:09:46,397 [INFO] ADCParametersView:116 -                Rank 1 : false
2026-04-25 00:09:46,397 [INFO] ADCParametersView:116 -                Rank 1 : false
2026-04-25 00:09:46,397 [INFO] ADCParametersView:116 -                Rank 1 : false
2026-04-25 00:09:46,397 [INFO] ADCParametersView:116 -                Rank 1 : false
2026-04-25 00:09:46,397 [INFO] ADCParametersView:116 -                Rank 1 : false
2026-04-25 00:09:46,397 [INFO] ADCParametersView:116 -                Rank 1 : false
2026-04-25 00:09:46,397 [INFO] ADCParametersView:116 -                Rank 1 : false
2026-04-25 00:09:46,413 [INFO] ADCParametersView:116 -                Rank 1 : false
2026-04-25 00:09:46,497 [INFO] ParamManager:896 - [Generic UI] PropertyChangeEvent: TAB_STATUS_CHANGED , "dont care", "never mind"
2026-04-25 00:09:46,543 [INFO] NvicIntPanel:101 - NVIC parent = com.st.microxplorer.plugins.ip.nvic.MultiNvicIntPanel[,0,0,0x0,invalid,layout=javax.swing.BoxLayout,alignmentX=0.0,alignmentY=0.0,border=,flags=9,maximumSize=,minimumSize=,preferredSize=]
2026-04-25 00:09:46,705 [INFO] NvicIntPanel:101 - NVIC parent = com.st.microxplorer.plugins.ip.nvic.MultiNvicIntPanel[,0,0,0x0,invalid,layout=javax.swing.BoxLayout,alignmentX=0.0,alignmentY=0.0,border=,flags=9,maximumSize=,minimumSize=,preferredSize=]
2026-04-25 00:09:46,857 [INFO] ADCParametersView:116 -                Rank 1 : false
2026-04-25 00:09:46,857 [INFO] ADCParametersView:116 -                Rank 1 : false
2026-04-25 00:09:46,857 [INFO] ADCParametersView:116 -                Rank 1 : false
2026-04-25 00:09:46,857 [INFO] ADCParametersView:116 -                Rank 1 : false
2026-04-25 00:09:46,857 [INFO] ADCParametersView:116 -                Rank 1 : false
2026-04-25 00:09:46,857 [INFO] ADCParametersView:116 -                Rank 1 : false
2026-04-25 00:09:46,857 [INFO] ADCParametersView:116 -                Rank 1 : false
2026-04-25 00:09:46,858 [INFO] ADCParametersView:116 -                Rank 1 : false
2026-04-25 00:09:46,858 [INFO] ADCParametersView:116 -                Rank 1 : false
2026-04-25 00:09:46,858 [INFO] ADCParametersView:116 -                Rank 1 : false
2026-04-25 00:09:46,858 [INFO] ADCParametersView:116 -                Rank 1 : false
2026-04-25 00:09:46,858 [INFO] ADCParametersView:116 -                Rank 1 : false
2026-04-25 00:09:46,858 [INFO] ADCParametersView:116 -                Rank 1 : false
2026-04-25 00:09:46,858 [INFO] ADCParametersView:116 -                Rank 1 : false
2026-04-25 00:09:46,888 [INFO] ADCParametersView:116 -                Rank 1 : false
2026-04-25 00:09:46,934 [INFO] ADCParametersView:116 -                Rank 1 : false
2026-04-25 00:09:46,934 [INFO] ADCParametersView:116 -                Rank 1 : false
2026-04-25 00:09:46,934 [INFO] ADCParametersView:116 -                Rank 1 : false
2026-04-25 00:09:46,934 [INFO] ADCParametersView:116 -                Rank 1 : false
2026-04-25 00:09:46,934 [INFO] ADCParametersView:116 -                Rank 1 : false
2026-04-25 00:09:46,934 [INFO] ADCParametersView:116 -                Rank 1 : false
2026-04-25 00:09:46,934 [INFO] ADCParametersView:116 -                Rank 1 : false
2026-04-25 00:09:46,934 [INFO] ADCParametersView:116 -                Rank 1 : false
2026-04-25 00:09:46,934 [INFO] ADCParametersView:116 -                Rank 1 : false
2026-04-25 00:09:46,934 [INFO] ADCParametersView:116 -                Rank 1 : false
2026-04-25 00:09:46,934 [INFO] ADCParametersView:116 -                Rank 1 : false
2026-04-25 00:09:46,935 [INFO] ADCParametersView:116 -                Rank 1 : false
2026-04-25 00:09:46,935 [INFO] ADCParametersView:116 -                Rank 1 : false
2026-04-25 00:09:46,935 [INFO] ADCParametersView:116 -                Rank 1 : false
2026-04-25 00:09:46,963 [INFO] ADCParametersView:116 -                Rank 1 : false
2026-04-25 00:10:05,416 [INFO] ADCParametersView:116 -                Rank 1 : false
2026-04-25 00:10:05,467 [INFO] ADCParametersView:116 -                Rank 1 : false
2026-04-25 00:10:05,467 [INFO] ADCParametersView:116 -                Rank 1 : false
2026-04-25 00:10:05,467 [INFO] ADCParametersView:116 -                Rank 1 : false
2026-04-25 00:10:05,467 [INFO] ADCParametersView:116 -                Rank 1 : false
2026-04-25 00:10:05,468 [INFO] ADCParametersView:116 -                Rank 1 : false
2026-04-25 00:10:05,468 [INFO] ADCParametersView:116 -                Rank 1 : false
2026-04-25 00:10:05,468 [INFO] ADCParametersView:116 -                Rank 1 : false
2026-04-25 00:10:05,468 [INFO] ADCParametersView:116 -                Rank 1 : false
2026-04-25 00:10:05,468 [INFO] ADCParametersView:116 -                Rank 1 : false
2026-04-25 00:10:05,468 [INFO] ADCParametersView:116 -                Rank 1 : false
2026-04-25 00:10:05,468 [INFO] ADCParametersView:116 -                Rank 1 : false
2026-04-25 00:10:05,468 [INFO] ADCParametersView:116 -                Rank 1 : false
2026-04-25 00:10:05,468 [INFO] ADCParametersView:116 -                Rank 1 : false
2026-04-25 00:10:05,468 [INFO] ADCParametersView:116 -                Rank 1 : false
2026-04-25 00:10:05,486 [INFO] ADCParametersView:116 -                Rank 1 : false
2026-04-25 00:10:08,302 [INFO] ADCParametersView:116 -                Rank 1 : false
2026-04-25 00:10:08,303 [INFO] ADCParametersView:116 -                Rank 1 : false
2026-04-25 00:10:08,303 [INFO] ADCParametersView:116 -                Rank 1 : false
2026-04-25 00:10:08,303 [INFO] ADCParametersView:116 -                Rank 1 : false
2026-04-25 00:10:08,303 [INFO] ADCParametersView:116 -                Rank 1 : false
2026-04-25 00:10:08,303 [INFO] ADCParametersView:116 -                Rank 1 : false
2026-04-25 00:10:08,303 [INFO] ADCParametersView:116 -                Rank 1 : false
2026-04-25 00:10:08,303 [INFO] ADCParametersView:116 -                Rank 1 : false
2026-04-25 00:10:08,303 [INFO] ADCParametersView:116 -                Rank 1 : false
2026-04-25 00:10:08,303 [INFO] ADCParametersView:116 -                Rank 1 : false
2026-04-25 00:10:08,303 [INFO] ADCParametersView:116 -                Rank 1 : false
2026-04-25 00:10:08,303 [INFO] ADCParametersView:116 -                Rank 1 : false
2026-04-25 00:10:08,304 [INFO] ADCParametersView:116 -                Rank 1 : false
2026-04-25 00:10:08,304 [INFO] ADCParametersView:116 -                Rank 1 : false
2026-04-25 00:10:08,340 [INFO] ADCParametersView:116 -                Rank 1 : false
2026-04-25 00:10:08,403 [INFO] ADCParametersView:116 -                Rank 1 : false
2026-04-25 00:10:08,404 [INFO] ADCParametersView:116 -                Rank 1 : false
2026-04-25 00:10:08,404 [INFO] ADCParametersView:116 -                Rank 1 : false
2026-04-25 00:10:08,404 [INFO] ADCParametersView:116 -                Rank 1 : false
2026-04-25 00:10:08,404 [INFO] ADCParametersView:116 -                Rank 1 : false
2026-04-25 00:10:08,404 [INFO] ADCParametersView:116 -                Rank 1 : false
2026-04-25 00:10:08,404 [INFO] ADCParametersView:116 -                Rank 1 : false
2026-04-25 00:10:08,404 [INFO] ADCParametersView:116 -                Rank 1 : false
2026-04-25 00:10:08,404 [INFO] ADCParametersView:116 -                Rank 1 : false
2026-04-25 00:10:08,404 [INFO] ADCParametersView:116 -                Rank 1 : false
2026-04-25 00:10:08,404 [INFO] ADCParametersView:116 -                Rank 1 : false
2026-04-25 00:10:08,404 [INFO] ADCParametersView:116 -                Rank 1 : false
2026-04-25 00:10:08,404 [INFO] ADCParametersView:116 -                Rank 1 : false
2026-04-25 00:10:08,405 [INFO] ADCParametersView:116 -                Rank 1 : false
2026-04-25 00:10:08,434 [INFO] ADCParametersView:116 -                Rank 1 : false
2026-04-25 00:10:13,124 [INFO] ADCParametersView:116 -                Rank 1 : false
2026-04-25 00:10:13,124 [INFO] ADCParametersView:116 -                Rank 1 : false
2026-04-25 00:10:13,124 [INFO] ADCParametersView:116 -                Rank 1 : false
2026-04-25 00:10:13,124 [INFO] ADCParametersView:116 -                Rank 1 : false
2026-04-25 00:10:13,124 [INFO] ADCParametersView:116 -                Rank 1 : false
2026-04-25 00:10:13,124 [INFO] ADCParametersView:116 -                Rank 1 : false
2026-04-25 00:10:13,124 [INFO] ADCParametersView:116 -                Rank 1 : false
2026-04-25 00:10:13,124 [INFO] ADCParametersView:116 -                Rank 1 : false
2026-04-25 00:10:13,124 [INFO] ADCParametersView:116 -                Rank 1 : false
2026-04-25 00:10:13,125 [INFO] ADCParametersView:116 -                Rank 1 : false
2026-04-25 00:10:13,125 [INFO] ADCParametersView:116 -                Rank 1 : false
2026-04-25 00:10:13,125 [INFO] ADCParametersView:116 -                Rank 1 : false
2026-04-25 00:10:13,125 [INFO] ADCParametersView:116 -                Rank 1 : false
2026-04-25 00:10:13,125 [INFO] ADCParametersView:116 -                Rank 1 : false
2026-04-25 00:10:13,149 [INFO] ADCParametersView:116 -                Rank 1 : false
2026-04-25 00:10:13,194 [INFO] ADCParametersView:116 -                Rank 1 : false
2026-04-25 00:10:13,195 [INFO] ADCParametersView:116 -                Rank 1 : false
2026-04-25 00:10:13,195 [INFO] ADCParametersView:116 -                Rank 1 : false
2026-04-25 00:10:13,195 [INFO] ADCParametersView:116 -                Rank 1 : false
2026-04-25 00:10:13,195 [INFO] ADCParametersView:116 -                Rank 1 : false
2026-04-25 00:10:13,195 [INFO] ADCParametersView:116 -                Rank 1 : false
2026-04-25 00:10:13,195 [INFO] ADCParametersView:116 -                Rank 1 : false
2026-04-25 00:10:13,195 [INFO] ADCParametersView:116 -                Rank 1 : false
2026-04-25 00:10:13,195 [INFO] ADCParametersView:116 -                Rank 1 : false
2026-04-25 00:10:13,195 [INFO] ADCParametersView:116 -                Rank 1 : false
2026-04-25 00:10:13,195 [INFO] ADCParametersView:116 -                Rank 1 : false
2026-04-25 00:10:13,196 [INFO] ADCParametersView:116 -                Rank 1 : false
2026-04-25 00:10:13,196 [INFO] ADCParametersView:116 -                Rank 1 : false
2026-04-25 00:10:13,196 [INFO] ADCParametersView:116 -                Rank 1 : false
2026-04-25 00:10:13,222 [INFO] ADCParametersView:116 -                Rank 1 : false
2026-04-25 00:10:52,302 [INFO] ADCParametersView:116 -                Rank 1 : false
2026-04-25 00:10:52,303 [INFO] ADCParametersView:116 -                Rank 1 : false
2026-04-25 00:10:52,303 [INFO] ADCParametersView:116 -                Rank 1 : false
2026-04-25 00:10:52,303 [INFO] ADCParametersView:116 -                Rank 1 : false
2026-04-25 00:10:52,303 [INFO] ADCParametersView:116 -                Rank 1 : false
2026-04-25 00:10:52,303 [INFO] ADCParametersView:116 -                Rank 1 : false
2026-04-25 00:10:52,304 [INFO] ADCParametersView:116 -                Rank 1 : false
2026-04-25 00:10:52,304 [INFO] ADCParametersView:116 -                Rank 1 : false
2026-04-25 00:10:52,304 [INFO] ADCParametersView:116 -                Rank 1 : false
2026-04-25 00:10:52,304 [INFO] ADCParametersView:116 -                Rank 1 : false
2026-04-25 00:10:52,304 [INFO] ADCParametersView:116 -                Rank 1 : false
2026-04-25 00:10:52,304 [INFO] ADCParametersView:116 -                Rank 1 : false
2026-04-25 00:10:52,304 [INFO] ADCParametersView:116 -                Rank 1 : false
2026-04-25 00:10:52,304 [INFO] ADCParametersView:116 -                Rank 1 : false
2026-04-25 00:10:52,348 [INFO] ADCParametersView:116 -                Rank 1 : false
2026-04-25 00:11:25,920 [INFO] Gpio:277 - dependency for GPIO [ADC1, ADC2, CAN1, RCC, SPI2, USART2]
2026-04-25 00:12:05,443 [INFO] Gpio:277 - dependency for GPIO [ADC1, CAN1, RCC, SPI2, USART2]
2026-04-25 00:12:05,668 [INFO] Gpio:277 - dependency for GPIO [ADC1, CAN1, RCC, SPI2, USART2]
2026-04-25 00:12:23,283 [INFO] UtilMem:75 - End SaveConfig() Used Memory: 855415536 Bytes (1073741824)
2026-04-25 00:12:24,695 [INFO] UtilMem:75 - End SaveConfig() Used Memory: 919378656 Bytes (1073741824)
2026-04-25 00:12:26,416 [INFO] UtilMem:75 - End SaveConfig() Used Memory: 968664392 Bytes (1073741824)
2026-04-25 00:12:28,358 [INFO] BlockDiagram:2775 - set Specific Code input for plugin: SPI
2026-04-25 00:12:28,358 [INFO] BlockDiagram:2775 - set Specific Code input for plugin: FREERTOS
2026-04-25 00:12:28,358 [INFO] BlockDiagram:2775 - set Specific Code input for plugin: CAN
2026-04-25 00:12:28,358 [INFO] BlockDiagram:2775 - set Specific Code input for plugin: SYS
2026-04-25 00:12:28,358 [INFO] BlockDiagram:2775 - set Specific Code input for plugin: ADC
2026-04-25 00:12:28,358 [INFO] BlockDiagram:2775 - set Specific Code input for plugin: RCC
2026-04-25 00:12:28,359 [INFO] BlockDiagram:2775 - set Specific Code input for plugin: NVIC
2026-04-25 00:12:28,359 [INFO] BlockDiagram:2775 - set Specific Code input for plugin: USART
2026-04-25 00:12:28,359 [INFO] BlockDiagram:2775 - set Specific Code input for plugin: GPIO
2026-04-25 00:12:28,360 [INFO] CodeGenerator:882 - code generatio: config db path: C:\ST\STM32CubeIDE_1.18.1\STM32CubeIDE\plugins\com.st.stm32cube.common.mx_6.14.1.202504091515\\db\
2026-04-25 00:12:28,457 [INFO] CodeEngine:263 - oldGeneratedFile, C:\Users\ADMIN\STM32CubeIDE\workspace_ECU\Engine_ECU\MXTmpFiles\license.tmp_save
2026-04-25 00:12:28,709 [INFO] CodeEngine:287 - Generated code: C:\Users\ADMIN\STM32CubeIDE\workspace_ECU\Engine_ECU\MXTmpFiles\license.tmp
2026-04-25 00:12:28,743 [INFO] CodeEngine:263 - oldGeneratedFile, C:\Users\ADMIN\STM32CubeIDE\workspace_ECU\Engine_ECU\Core\Src\gpio.c_save
2026-04-25 00:12:28,876 [INFO] CodeEngine:287 - Generated code: C:\Users\ADMIN\STM32CubeIDE\workspace_ECU\Engine_ECU\Core\Src\gpio.c
2026-04-25 00:12:28,883 [INFO] CodeEngine:263 - oldGeneratedFile, C:\Users\ADMIN\STM32CubeIDE\workspace_ECU\Engine_ECU\Core\Inc\gpio.h_save
2026-04-25 00:12:28,978 [INFO] CodeEngine:287 - Generated code: C:\Users\ADMIN\STM32CubeIDE\workspace_ECU\Engine_ECU\Core\Inc\gpio.h
2026-04-25 00:12:29,197 [INFO] Middleware:1452 - No code input for Bsp Dependency
2026-04-25 00:12:29,206 [INFO] CodeEngine:263 - oldGeneratedFile, C:\Users\ADMIN\STM32CubeIDE\workspace_ECU\Engine_ECU\MXTmpFiles\rtos_inc.tmp_save
2026-04-25 00:12:29,284 [INFO] CodeEngine:287 - Generated code: C:\Users\ADMIN\STM32CubeIDE\workspace_ECU\Engine_ECU\MXTmpFiles\rtos_inc.tmp
2026-04-25 00:12:29,289 [INFO] CodeEngine:263 - oldGeneratedFile, C:\Users\ADMIN\STM32CubeIDE\workspace_ECU\Engine_ECU\MXTmpFiles\rtos_kernelInit.tmp_save
2026-04-25 00:12:29,359 [INFO] CodeEngine:287 - Generated code: C:\Users\ADMIN\STM32CubeIDE\workspace_ECU\Engine_ECU\MXTmpFiles\rtos_kernelInit.tmp
2026-04-25 00:12:29,364 [INFO] CodeEngine:263 - oldGeneratedFile, C:\Users\ADMIN\STM32CubeIDE\workspace_ECU\Engine_ECU\MXTmpFiles\rtos_kernelStart.tmp_save
2026-04-25 00:12:29,435 [INFO] CodeEngine:287 - Generated code: C:\Users\ADMIN\STM32CubeIDE\workspace_ECU\Engine_ECU\MXTmpFiles\rtos_kernelStart.tmp
2026-04-25 00:12:29,440 [INFO] CodeEngine:263 - oldGeneratedFile, C:\Users\ADMIN\STM32CubeIDE\workspace_ECU\Engine_ECU\MXTmpFiles\rtos_typedefs.tmp_save
2026-04-25 00:12:29,505 [INFO] CodeEngine:287 - Generated code: C:\Users\ADMIN\STM32CubeIDE\workspace_ECU\Engine_ECU\MXTmpFiles\rtos_typedefs.tmp
2026-04-25 00:12:29,509 [INFO] CodeEngine:263 - oldGeneratedFile, C:\Users\ADMIN\STM32CubeIDE\workspace_ECU\Engine_ECU\MXTmpFiles\rtos_vars.tmp_save
2026-04-25 00:12:29,571 [INFO] CodeEngine:287 - Generated code: C:\Users\ADMIN\STM32CubeIDE\workspace_ECU\Engine_ECU\MXTmpFiles\rtos_vars.tmp
2026-04-25 00:12:29,575 [INFO] CodeEngine:263 - oldGeneratedFile, C:\Users\ADMIN\STM32CubeIDE\workspace_ECU\Engine_ECU\MXTmpFiles\rtos_pfp.tmp_save
2026-04-25 00:12:29,633 [INFO] CodeEngine:287 - Generated code: C:\Users\ADMIN\STM32CubeIDE\workspace_ECU\Engine_ECU\MXTmpFiles\rtos_pfp.tmp
2026-04-25 00:12:29,636 [INFO] CodeEngine:263 - oldGeneratedFile, C:\Users\ADMIN\STM32CubeIDE\workspace_ECU\Engine_ECU\MXTmpFiles\rtos_obj_creat.tmp_save
2026-04-25 00:12:29,697 [INFO] CodeEngine:287 - Generated code: C:\Users\ADMIN\STM32CubeIDE\workspace_ECU\Engine_ECU\MXTmpFiles\rtos_obj_creat.tmp
2026-04-25 00:12:29,700 [INFO] CodeEngine:263 - oldGeneratedFile, C:\Users\ADMIN\STM32CubeIDE\workspace_ECU\Engine_ECU\MXTmpFiles\rtos_default_thread.tmp_save
2026-04-25 00:12:29,760 [INFO] CodeEngine:287 - Generated code: C:\Users\ADMIN\STM32CubeIDE\workspace_ECU\Engine_ECU\MXTmpFiles\rtos_default_thread.tmp
2026-04-25 00:12:29,763 [INFO] CodeEngine:263 - oldGeneratedFile, C:\Users\ADMIN\STM32CubeIDE\workspace_ECU\Engine_ECU\MXTmpFiles\rtos_threads.tmp_save
2026-04-25 00:12:29,830 [INFO] CodeEngine:287 - Generated code: C:\Users\ADMIN\STM32CubeIDE\workspace_ECU\Engine_ECU\MXTmpFiles\rtos_threads.tmp
2026-04-25 00:12:29,848 [INFO] Middleware:1452 - No code input for Bsp Dependency
2026-04-25 00:12:29,857 [INFO] CodeEngine:263 - oldGeneratedFile, C:\Users\ADMIN\STM32CubeIDE\workspace_ECU\Engine_ECU\MXTmpFiles\rtos_inc.tmp_save
2026-04-25 00:12:29,913 [INFO] CodeEngine:287 - Generated code: C:\Users\ADMIN\STM32CubeIDE\workspace_ECU\Engine_ECU\MXTmpFiles\rtos_inc.tmp
2026-04-25 00:12:29,917 [INFO] CodeEngine:263 - oldGeneratedFile, C:\Users\ADMIN\STM32CubeIDE\workspace_ECU\Engine_ECU\MXTmpFiles\rtos_kernelInit.tmp_save
2026-04-25 00:12:29,974 [INFO] CodeEngine:287 - Generated code: C:\Users\ADMIN\STM32CubeIDE\workspace_ECU\Engine_ECU\MXTmpFiles\rtos_kernelInit.tmp
2026-04-25 00:12:29,978 [INFO] CodeEngine:263 - oldGeneratedFile, C:\Users\ADMIN\STM32CubeIDE\workspace_ECU\Engine_ECU\MXTmpFiles\rtos_kernelStart.tmp_save
2026-04-25 00:12:30,039 [INFO] CodeEngine:287 - Generated code: C:\Users\ADMIN\STM32CubeIDE\workspace_ECU\Engine_ECU\MXTmpFiles\rtos_kernelStart.tmp
2026-04-25 00:12:30,043 [INFO] CodeEngine:263 - oldGeneratedFile, C:\Users\ADMIN\STM32CubeIDE\workspace_ECU\Engine_ECU\MXTmpFiles\rtos_typedefs.tmp_save
2026-04-25 00:12:30,118 [INFO] CodeEngine:287 - Generated code: C:\Users\ADMIN\STM32CubeIDE\workspace_ECU\Engine_ECU\MXTmpFiles\rtos_typedefs.tmp
2026-04-25 00:12:30,124 [INFO] CodeEngine:263 - oldGeneratedFile, C:\Users\ADMIN\STM32CubeIDE\workspace_ECU\Engine_ECU\MXTmpFiles\rtos_vars.tmp_save
2026-04-25 00:12:30,184 [INFO] CodeEngine:287 - Generated code: C:\Users\ADMIN\STM32CubeIDE\workspace_ECU\Engine_ECU\MXTmpFiles\rtos_vars.tmp
2026-04-25 00:12:30,191 [INFO] CodeEngine:263 - oldGeneratedFile, C:\Users\ADMIN\STM32CubeIDE\workspace_ECU\Engine_ECU\MXTmpFiles\rtos_pfp.tmp_save
2026-04-25 00:12:30,245 [INFO] CodeEngine:287 - Generated code: C:\Users\ADMIN\STM32CubeIDE\workspace_ECU\Engine_ECU\MXTmpFiles\rtos_pfp.tmp
2026-04-25 00:12:30,250 [INFO] CodeEngine:263 - oldGeneratedFile, C:\Users\ADMIN\STM32CubeIDE\workspace_ECU\Engine_ECU\MXTmpFiles\rtos_obj_creat.tmp_save
2026-04-25 00:12:30,360 [INFO] CodeEngine:287 - Generated code: C:\Users\ADMIN\STM32CubeIDE\workspace_ECU\Engine_ECU\MXTmpFiles\rtos_obj_creat.tmp
2026-04-25 00:12:30,372 [INFO] CodeEngine:263 - oldGeneratedFile, C:\Users\ADMIN\STM32CubeIDE\workspace_ECU\Engine_ECU\MXTmpFiles\rtos_default_thread.tmp_save
2026-04-25 00:12:30,475 [INFO] CodeEngine:287 - Generated code: C:\Users\ADMIN\STM32CubeIDE\workspace_ECU\Engine_ECU\MXTmpFiles\rtos_default_thread.tmp
2026-04-25 00:12:30,480 [INFO] CodeEngine:263 - oldGeneratedFile, C:\Users\ADMIN\STM32CubeIDE\workspace_ECU\Engine_ECU\MXTmpFiles\rtos_threads.tmp_save
2026-04-25 00:12:30,537 [INFO] CodeEngine:287 - Generated code: C:\Users\ADMIN\STM32CubeIDE\workspace_ECU\Engine_ECU\MXTmpFiles\rtos_threads.tmp
2026-04-25 00:12:30,543 [INFO] CodeEngine:263 - oldGeneratedFile, C:\Users\ADMIN\STM32CubeIDE\workspace_ECU\Engine_ECU\Core\Inc\FreeRTOSConfig.h_save
2026-04-25 00:12:30,715 [INFO] CodeEngine:287 - Generated code: C:\Users\ADMIN\STM32CubeIDE\workspace_ECU\Engine_ECU\Core\Inc\FreeRTOSConfig.h
2026-04-25 00:12:30,729 [INFO] CodeEngine:263 - oldGeneratedFile, C:\Users\ADMIN\STM32CubeIDE\workspace_ECU\Engine_ECU\Core\Src\freertos.c_save
2026-04-25 00:12:30,850 [INFO] CodeEngine:287 - Generated code: C:\Users\ADMIN\STM32CubeIDE\workspace_ECU\Engine_ECU\Core\Src\freertos.c
2026-04-25 00:12:30,863 [INFO] CodeEngine:263 - oldGeneratedFile, C:\Users\ADMIN\STM32CubeIDE\workspace_ECU\Engine_ECU\Core\Src\adc.c_save
2026-04-25 00:12:30,983 [INFO] CodeEngine:287 - Generated code: C:\Users\ADMIN\STM32CubeIDE\workspace_ECU\Engine_ECU\Core\Src\adc.c
2026-04-25 00:12:30,990 [INFO] CodeEngine:263 - oldGeneratedFile, C:\Users\ADMIN\STM32CubeIDE\workspace_ECU\Engine_ECU\Core\Inc\adc.h_save
2026-04-25 00:12:31,056 [INFO] CodeEngine:287 - Generated code: C:\Users\ADMIN\STM32CubeIDE\workspace_ECU\Engine_ECU\Core\Inc\adc.h
2026-04-25 00:12:31,065 [INFO] CodeEngine:263 - oldGeneratedFile, C:\Users\ADMIN\STM32CubeIDE\workspace_ECU\Engine_ECU\Core\Src\can.c_save
2026-04-25 00:12:31,158 [INFO] CodeEngine:287 - Generated code: C:\Users\ADMIN\STM32CubeIDE\workspace_ECU\Engine_ECU\Core\Src\can.c
2026-04-25 00:12:31,164 [INFO] CodeEngine:263 - oldGeneratedFile, C:\Users\ADMIN\STM32CubeIDE\workspace_ECU\Engine_ECU\Core\Inc\can.h_save
2026-04-25 00:12:31,223 [INFO] CodeEngine:287 - Generated code: C:\Users\ADMIN\STM32CubeIDE\workspace_ECU\Engine_ECU\Core\Inc\can.h
2026-04-25 00:12:31,233 [INFO] CodeEngine:263 - oldGeneratedFile, C:\Users\ADMIN\STM32CubeIDE\workspace_ECU\Engine_ECU\Core\Src\spi.c_save
2026-04-25 00:12:31,349 [INFO] CodeEngine:287 - Generated code: C:\Users\ADMIN\STM32CubeIDE\workspace_ECU\Engine_ECU\Core\Src\spi.c
2026-04-25 00:12:31,360 [INFO] CodeEngine:263 - oldGeneratedFile, C:\Users\ADMIN\STM32CubeIDE\workspace_ECU\Engine_ECU\Core\Inc\spi.h_save
2026-04-25 00:12:31,482 [INFO] CodeEngine:287 - Generated code: C:\Users\ADMIN\STM32CubeIDE\workspace_ECU\Engine_ECU\Core\Inc\spi.h
2026-04-25 00:12:31,503 [INFO] CodeEngine:263 - oldGeneratedFile, C:\Users\ADMIN\STM32CubeIDE\workspace_ECU\Engine_ECU\Core\Src\usart.c_save
2026-04-25 00:12:31,627 [INFO] CodeEngine:287 - Generated code: C:\Users\ADMIN\STM32CubeIDE\workspace_ECU\Engine_ECU\Core\Src\usart.c
2026-04-25 00:12:31,633 [INFO] CodeEngine:263 - oldGeneratedFile, C:\Users\ADMIN\STM32CubeIDE\workspace_ECU\Engine_ECU\Core\Inc\usart.h_save
2026-04-25 00:12:31,695 [INFO] CodeEngine:287 - Generated code: C:\Users\ADMIN\STM32CubeIDE\workspace_ECU\Engine_ECU\Core\Inc\usart.h
2026-04-25 00:12:31,713 [INFO] CodeEngine:263 - oldGeneratedFile, C:\Users\ADMIN\STM32CubeIDE\workspace_ECU\Engine_ECU\Core\Src\stm32f4xx_it.c_save
2026-04-25 00:12:31,860 [INFO] CodeEngine:287 - Generated code: C:\Users\ADMIN\STM32CubeIDE\workspace_ECU\Engine_ECU\Core\Src\stm32f4xx_it.c
2026-04-25 00:12:31,866 [INFO] CodeEngine:263 - oldGeneratedFile, C:\Users\ADMIN\STM32CubeIDE\workspace_ECU\Engine_ECU\Core\Inc\stm32f4xx_it.h_save
2026-04-25 00:12:31,937 [INFO] CodeEngine:287 - Generated code: C:\Users\ADMIN\STM32CubeIDE\workspace_ECU\Engine_ECU\Core\Inc\stm32f4xx_it.h
2026-04-25 00:12:31,964 [INFO] CodeEngine:263 - oldGeneratedFile, C:\Users\ADMIN\STM32CubeIDE\workspace_ECU\Engine_ECU\Core\Src\stm32f4xx_hal_msp.c_save
2026-04-25 00:12:32,046 [INFO] CodeEngine:287 - Generated code: C:\Users\ADMIN\STM32CubeIDE\workspace_ECU\Engine_ECU\Core\Src\stm32f4xx_hal_msp.c
2026-04-25 00:12:32,049 [INFO] CodeEngine:263 - oldGeneratedFile, C:\Users\ADMIN\STM32CubeIDE\workspace_ECU\Engine_ECU\MXTmpFiles\system.tmp_save
2026-04-25 00:12:32,098 [INFO] CodeEngine:287 - Generated code: C:\Users\ADMIN\STM32CubeIDE\workspace_ECU\Engine_ECU\MXTmpFiles\system.tmp
2026-04-25 00:12:32,109 [INFO] CodeEngine:319 - oldGeneratedFile, C:\Users\ADMIN\STM32CubeIDE\workspace_ECU\Engine_ECU\Core\Inc\stm32f4xx_hal_conf.h_save
2026-04-25 00:12:32,211 [INFO] CodeEngine:343 - Generated code: C:\Users\ADMIN\STM32CubeIDE\workspace_ECU\Engine_ECU\Core\Inc\stm32f4xx_hal_conf.h
2026-04-25 00:12:32,246 [INFO] CodeEngine:263 - oldGeneratedFile, C:\Users\ADMIN\STM32CubeIDE\workspace_ECU\Engine_ECU\Core\Inc\main.h_save
2026-04-25 00:12:32,346 [INFO] CodeEngine:287 - Generated code: C:\Users\ADMIN\STM32CubeIDE\workspace_ECU\Engine_ECU\Core\Inc\main.h
2026-04-25 00:12:32,353 [INFO] CodeEngine:263 - oldGeneratedFile, C:\Users\ADMIN\STM32CubeIDE\workspace_ECU\Engine_ECU\Core\Src\main.c_save
2026-04-25 00:12:32,478 [INFO] CodeEngine:287 - Generated code: C:\Users\ADMIN\STM32CubeIDE\workspace_ECU\Engine_ECU\Core\Src\main.c
2026-04-25 00:12:33,182 [INFO] ProjectBuilder:3324 - Time for Copy HAL[1] : 231mS.
2026-04-25 00:12:33,189 [INFO] ProjectBuilder:4912 - Project Generator version: 4.6.0.1-B1
2026-04-25 00:12:33,275 [INFO] ConfigFileManager:1590 - The Die is : DIE413
2026-04-25 00:12:34,790 [INFO] ProjectBuilder:5191 - Time for Generating toolchain IDE Files: 1601mS.
2026-04-25 00:12:34,791 [INFO] ProjectBuilder:3181 - Time for Copy CMSIS : 1mS.
2026-04-25 00:12:34,799 [INFO] ProjectBuilder:3181 - Time for Copy CMSIS : 0mS.
2026-04-25 00:16:31,308 [INFO] Gpio:277 - dependency for GPIO [ADC1, CAN1, RCC, SPI2, USART2]
2026-04-25 00:16:32,036 [INFO] Gpio:277 - dependency for GPIO [ADC1, CAN1, RCC, SPI2, USART2]
2026-04-25 00:16:37,804 [INFO] Gpio:277 - dependency for GPIO [ADC1, CAN1, RCC, SPI2, USART2]
2026-04-25 00:16:38,262 [INFO] Gpio:277 - dependency for GPIO [ADC1, CAN1, RCC, SPI2, USART2]
2026-04-25 00:16:42,643 [INFO] UtilMem:75 - End SaveConfig() Used Memory: 834078232 Bytes (1073741824)
2026-04-25 00:16:44,125 [INFO] UtilMem:75 - End SaveConfig() Used Memory: 865013272 Bytes (1073741824)
2026-04-25 00:16:46,051 [INFO] UtilMem:75 - End SaveConfig() Used Memory: 911150560 Bytes (1073741824)
2026-04-25 00:16:47,988 [INFO] BlockDiagram:2775 - set Specific Code input for plugin: SPI
2026-04-25 00:16:47,989 [INFO] BlockDiagram:2775 - set Specific Code input for plugin: FREERTOS
2026-04-25 00:16:47,989 [INFO] BlockDiagram:2775 - set Specific Code input for plugin: CAN
2026-04-25 00:16:47,989 [INFO] BlockDiagram:2775 - set Specific Code input for plugin: SYS
2026-04-25 00:16:47,989 [INFO] BlockDiagram:2775 - set Specific Code input for plugin: ADC
2026-04-25 00:16:47,989 [INFO] BlockDiagram:2775 - set Specific Code input for plugin: RCC
2026-04-25 00:16:47,989 [INFO] BlockDiagram:2775 - set Specific Code input for plugin: NVIC
2026-04-25 00:16:47,989 [INFO] BlockDiagram:2775 - set Specific Code input for plugin: USART
2026-04-25 00:16:47,990 [INFO] BlockDiagram:2775 - set Specific Code input for plugin: GPIO
2026-04-25 00:16:47,991 [INFO] CodeGenerator:882 - code generatio: config db path: C:\ST\STM32CubeIDE_1.18.1\STM32CubeIDE\plugins\com.st.stm32cube.common.mx_6.14.1.202504091515\\db\
2026-04-25 00:16:48,129 [INFO] CodeEngine:263 - oldGeneratedFile, C:\Users\ADMIN\STM32CubeIDE\workspace_ECU\Engine_ECU\MXTmpFiles\license.tmp_save
2026-04-25 00:16:48,359 [INFO] CodeEngine:287 - Generated code: C:\Users\ADMIN\STM32CubeIDE\workspace_ECU\Engine_ECU\MXTmpFiles\license.tmp
2026-04-25 00:16:48,407 [INFO] CodeEngine:263 - oldGeneratedFile, C:\Users\ADMIN\STM32CubeIDE\workspace_ECU\Engine_ECU\Core\Src\gpio.c_save
2026-04-25 00:16:48,576 [INFO] CodeEngine:287 - Generated code: C:\Users\ADMIN\STM32CubeIDE\workspace_ECU\Engine_ECU\Core\Src\gpio.c
2026-04-25 00:16:48,585 [INFO] CodeEngine:263 - oldGeneratedFile, C:\Users\ADMIN\STM32CubeIDE\workspace_ECU\Engine_ECU\Core\Inc\gpio.h_save
2026-04-25 00:16:48,755 [INFO] CodeEngine:287 - Generated code: C:\Users\ADMIN\STM32CubeIDE\workspace_ECU\Engine_ECU\Core\Inc\gpio.h
2026-04-25 00:16:49,027 [INFO] Middleware:1452 - No code input for Bsp Dependency
2026-04-25 00:16:49,036 [INFO] CodeEngine:263 - oldGeneratedFile, C:\Users\ADMIN\STM32CubeIDE\workspace_ECU\Engine_ECU\MXTmpFiles\rtos_inc.tmp_save
2026-04-25 00:16:49,130 [INFO] CodeEngine:287 - Generated code: C:\Users\ADMIN\STM32CubeIDE\workspace_ECU\Engine_ECU\MXTmpFiles\rtos_inc.tmp
2026-04-25 00:16:49,135 [INFO] CodeEngine:263 - oldGeneratedFile, C:\Users\ADMIN\STM32CubeIDE\workspace_ECU\Engine_ECU\MXTmpFiles\rtos_kernelInit.tmp_save
2026-04-25 00:16:49,226 [INFO] CodeEngine:287 - Generated code: C:\Users\ADMIN\STM32CubeIDE\workspace_ECU\Engine_ECU\MXTmpFiles\rtos_kernelInit.tmp
2026-04-25 00:16:49,230 [INFO] CodeEngine:263 - oldGeneratedFile, C:\Users\ADMIN\STM32CubeIDE\workspace_ECU\Engine_ECU\MXTmpFiles\rtos_kernelStart.tmp_save
2026-04-25 00:16:49,311 [INFO] CodeEngine:287 - Generated code: C:\Users\ADMIN\STM32CubeIDE\workspace_ECU\Engine_ECU\MXTmpFiles\rtos_kernelStart.tmp
2026-04-25 00:16:49,317 [INFO] CodeEngine:263 - oldGeneratedFile, C:\Users\ADMIN\STM32CubeIDE\workspace_ECU\Engine_ECU\MXTmpFiles\rtos_typedefs.tmp_save
2026-04-25 00:16:49,399 [INFO] CodeEngine:287 - Generated code: C:\Users\ADMIN\STM32CubeIDE\workspace_ECU\Engine_ECU\MXTmpFiles\rtos_typedefs.tmp
2026-04-25 00:16:49,404 [INFO] CodeEngine:263 - oldGeneratedFile, C:\Users\ADMIN\STM32CubeIDE\workspace_ECU\Engine_ECU\MXTmpFiles\rtos_vars.tmp_save
2026-04-25 00:16:49,490 [INFO] CodeEngine:287 - Generated code: C:\Users\ADMIN\STM32CubeIDE\workspace_ECU\Engine_ECU\MXTmpFiles\rtos_vars.tmp
2026-04-25 00:16:49,495 [INFO] CodeEngine:263 - oldGeneratedFile, C:\Users\ADMIN\STM32CubeIDE\workspace_ECU\Engine_ECU\MXTmpFiles\rtos_pfp.tmp_save
2026-04-25 00:16:49,577 [INFO] CodeEngine:287 - Generated code: C:\Users\ADMIN\STM32CubeIDE\workspace_ECU\Engine_ECU\MXTmpFiles\rtos_pfp.tmp
2026-04-25 00:16:49,582 [INFO] CodeEngine:263 - oldGeneratedFile, C:\Users\ADMIN\STM32CubeIDE\workspace_ECU\Engine_ECU\MXTmpFiles\rtos_obj_creat.tmp_save
2026-04-25 00:16:49,662 [INFO] CodeEngine:287 - Generated code: C:\Users\ADMIN\STM32CubeIDE\workspace_ECU\Engine_ECU\MXTmpFiles\rtos_obj_creat.tmp
2026-04-25 00:16:49,671 [INFO] CodeEngine:263 - oldGeneratedFile, C:\Users\ADMIN\STM32CubeIDE\workspace_ECU\Engine_ECU\MXTmpFiles\rtos_default_thread.tmp_save
2026-04-25 00:16:49,778 [INFO] CodeEngine:287 - Generated code: C:\Users\ADMIN\STM32CubeIDE\workspace_ECU\Engine_ECU\MXTmpFiles\rtos_default_thread.tmp
2026-04-25 00:16:49,793 [INFO] CodeEngine:263 - oldGeneratedFile, C:\Users\ADMIN\STM32CubeIDE\workspace_ECU\Engine_ECU\MXTmpFiles\rtos_threads.tmp_save
2026-04-25 00:16:49,932 [INFO] CodeEngine:287 - Generated code: C:\Users\ADMIN\STM32CubeIDE\workspace_ECU\Engine_ECU\MXTmpFiles\rtos_threads.tmp
2026-04-25 00:16:49,969 [INFO] Middleware:1452 - No code input for Bsp Dependency
2026-04-25 00:16:49,987 [INFO] CodeEngine:263 - oldGeneratedFile, C:\Users\ADMIN\STM32CubeIDE\workspace_ECU\Engine_ECU\MXTmpFiles\rtos_inc.tmp_save
2026-04-25 00:16:50,124 [INFO] CodeEngine:287 - Generated code: C:\Users\ADMIN\STM32CubeIDE\workspace_ECU\Engine_ECU\MXTmpFiles\rtos_inc.tmp
2026-04-25 00:16:50,136 [INFO] CodeEngine:263 - oldGeneratedFile, C:\Users\ADMIN\STM32CubeIDE\workspace_ECU\Engine_ECU\MXTmpFiles\rtos_kernelInit.tmp_save
2026-04-25 00:16:50,274 [INFO] CodeEngine:287 - Generated code: C:\Users\ADMIN\STM32CubeIDE\workspace_ECU\Engine_ECU\MXTmpFiles\rtos_kernelInit.tmp
2026-04-25 00:16:50,286 [INFO] CodeEngine:263 - oldGeneratedFile, C:\Users\ADMIN\STM32CubeIDE\workspace_ECU\Engine_ECU\MXTmpFiles\rtos_kernelStart.tmp_save
2026-04-25 00:16:50,430 [INFO] CodeEngine:287 - Generated code: C:\Users\ADMIN\STM32CubeIDE\workspace_ECU\Engine_ECU\MXTmpFiles\rtos_kernelStart.tmp
2026-04-25 00:16:50,442 [INFO] CodeEngine:263 - oldGeneratedFile, C:\Users\ADMIN\STM32CubeIDE\workspace_ECU\Engine_ECU\MXTmpFiles\rtos_typedefs.tmp_save
2026-04-25 00:16:50,636 [INFO] CodeEngine:287 - Generated code: C:\Users\ADMIN\STM32CubeIDE\workspace_ECU\Engine_ECU\MXTmpFiles\rtos_typedefs.tmp
2026-04-25 00:16:50,647 [INFO] CodeEngine:263 - oldGeneratedFile, C:\Users\ADMIN\STM32CubeIDE\workspace_ECU\Engine_ECU\MXTmpFiles\rtos_vars.tmp_save
2026-04-25 00:16:50,852 [INFO] CodeEngine:287 - Generated code: C:\Users\ADMIN\STM32CubeIDE\workspace_ECU\Engine_ECU\MXTmpFiles\rtos_vars.tmp
2026-04-25 00:16:50,864 [INFO] CodeEngine:263 - oldGeneratedFile, C:\Users\ADMIN\STM32CubeIDE\workspace_ECU\Engine_ECU\MXTmpFiles\rtos_pfp.tmp_save
2026-04-25 00:16:51,009 [INFO] CodeEngine:287 - Generated code: C:\Users\ADMIN\STM32CubeIDE\workspace_ECU\Engine_ECU\MXTmpFiles\rtos_pfp.tmp
2026-04-25 00:16:51,029 [INFO] CodeEngine:263 - oldGeneratedFile, C:\Users\ADMIN\STM32CubeIDE\workspace_ECU\Engine_ECU\MXTmpFiles\rtos_obj_creat.tmp_save
2026-04-25 00:16:51,223 [INFO] CodeEngine:287 - Generated code: C:\Users\ADMIN\STM32CubeIDE\workspace_ECU\Engine_ECU\MXTmpFiles\rtos_obj_creat.tmp
2026-04-25 00:16:51,240 [INFO] CodeEngine:263 - oldGeneratedFile, C:\Users\ADMIN\STM32CubeIDE\workspace_ECU\Engine_ECU\MXTmpFiles\rtos_default_thread.tmp_save
2026-04-25 00:16:51,419 [INFO] CodeEngine:287 - Generated code: C:\Users\ADMIN\STM32CubeIDE\workspace_ECU\Engine_ECU\MXTmpFiles\rtos_default_thread.tmp
2026-04-25 00:16:51,434 [INFO] CodeEngine:263 - oldGeneratedFile, C:\Users\ADMIN\STM32CubeIDE\workspace_ECU\Engine_ECU\MXTmpFiles\rtos_threads.tmp_save
2026-04-25 00:16:51,645 [INFO] CodeEngine:287 - Generated code: C:\Users\ADMIN\STM32CubeIDE\workspace_ECU\Engine_ECU\MXTmpFiles\rtos_threads.tmp
2026-04-25 00:16:51,661 [INFO] CodeEngine:263 - oldGeneratedFile, C:\Users\ADMIN\STM32CubeIDE\workspace_ECU\Engine_ECU\Core\Inc\FreeRTOSConfig.h_save
2026-04-25 00:16:51,946 [INFO] CodeEngine:287 - Generated code: C:\Users\ADMIN\STM32CubeIDE\workspace_ECU\Engine_ECU\Core\Inc\FreeRTOSConfig.h
2026-04-25 00:16:51,962 [INFO] CodeEngine:263 - oldGeneratedFile, C:\Users\ADMIN\STM32CubeIDE\workspace_ECU\Engine_ECU\Core\Src\freertos.c_save
2026-04-25 00:16:52,189 [INFO] CodeEngine:287 - Generated code: C:\Users\ADMIN\STM32CubeIDE\workspace_ECU\Engine_ECU\Core\Src\freertos.c
2026-04-25 00:16:52,219 [INFO] CodeEngine:263 - oldGeneratedFile, C:\Users\ADMIN\STM32CubeIDE\workspace_ECU\Engine_ECU\Core\Src\adc.c_save
2026-04-25 00:16:52,627 [INFO] CodeEngine:287 - Generated code: C:\Users\ADMIN\STM32CubeIDE\workspace_ECU\Engine_ECU\Core\Src\adc.c
2026-04-25 00:16:52,637 [INFO] CodeEngine:263 - oldGeneratedFile, C:\Users\ADMIN\STM32CubeIDE\workspace_ECU\Engine_ECU\Core\Inc\adc.h_save
2026-04-25 00:16:52,794 [INFO] CodeEngine:287 - Generated code: C:\Users\ADMIN\STM32CubeIDE\workspace_ECU\Engine_ECU\Core\Inc\adc.h
2026-04-25 00:16:52,820 [INFO] CodeEngine:263 - oldGeneratedFile, C:\Users\ADMIN\STM32CubeIDE\workspace_ECU\Engine_ECU\Core\Src\can.c_save
2026-04-25 00:16:53,060 [INFO] CodeEngine:287 - Generated code: C:\Users\ADMIN\STM32CubeIDE\workspace_ECU\Engine_ECU\Core\Src\can.c
2026-04-25 00:16:53,074 [INFO] CodeEngine:263 - oldGeneratedFile, C:\Users\ADMIN\STM32CubeIDE\workspace_ECU\Engine_ECU\Core\Inc\can.h_save
2026-04-25 00:16:53,238 [INFO] CodeEngine:287 - Generated code: C:\Users\ADMIN\STM32CubeIDE\workspace_ECU\Engine_ECU\Core\Inc\can.h
2026-04-25 00:16:53,261 [INFO] CodeEngine:263 - oldGeneratedFile, C:\Users\ADMIN\STM32CubeIDE\workspace_ECU\Engine_ECU\Core\Src\spi.c_save
2026-04-25 00:16:53,468 [INFO] CodeEngine:287 - Generated code: C:\Users\ADMIN\STM32CubeIDE\workspace_ECU\Engine_ECU\Core\Src\spi.c
2026-04-25 00:16:53,481 [INFO] CodeEngine:263 - oldGeneratedFile, C:\Users\ADMIN\STM32CubeIDE\workspace_ECU\Engine_ECU\Core\Inc\spi.h_save
2026-04-25 00:16:53,645 [INFO] CodeEngine:287 - Generated code: C:\Users\ADMIN\STM32CubeIDE\workspace_ECU\Engine_ECU\Core\Inc\spi.h
2026-04-25 00:16:53,675 [INFO] CodeEngine:263 - oldGeneratedFile, C:\Users\ADMIN\STM32CubeIDE\workspace_ECU\Engine_ECU\Core\Src\usart.c_save
2026-04-25 00:16:53,872 [INFO] CodeEngine:287 - Generated code: C:\Users\ADMIN\STM32CubeIDE\workspace_ECU\Engine_ECU\Core\Src\usart.c
2026-04-25 00:16:53,880 [INFO] CodeEngine:263 - oldGeneratedFile, C:\Users\ADMIN\STM32CubeIDE\workspace_ECU\Engine_ECU\Core\Inc\usart.h_save
2026-04-25 00:16:54,028 [INFO] CodeEngine:287 - Generated code: C:\Users\ADMIN\STM32CubeIDE\workspace_ECU\Engine_ECU\Core\Inc\usart.h
2026-04-25 00:16:54,068 [INFO] CodeEngine:263 - oldGeneratedFile, C:\Users\ADMIN\STM32CubeIDE\workspace_ECU\Engine_ECU\Core\Src\stm32f4xx_it.c_save
2026-04-25 00:16:54,530 [INFO] CodeEngine:287 - Generated code: C:\Users\ADMIN\STM32CubeIDE\workspace_ECU\Engine_ECU\Core\Src\stm32f4xx_it.c
2026-04-25 00:16:54,543 [INFO] CodeEngine:263 - oldGeneratedFile, C:\Users\ADMIN\STM32CubeIDE\workspace_ECU\Engine_ECU\Core\Inc\stm32f4xx_it.h_save
2026-04-25 00:16:54,687 [INFO] CodeEngine:287 - Generated code: C:\Users\ADMIN\STM32CubeIDE\workspace_ECU\Engine_ECU\Core\Inc\stm32f4xx_it.h
2026-04-25 00:16:54,714 [INFO] CodeEngine:263 - oldGeneratedFile, C:\Users\ADMIN\STM32CubeIDE\workspace_ECU\Engine_ECU\Core\Src\stm32f4xx_hal_msp.c_save
2026-04-25 00:16:54,958 [INFO] CodeEngine:287 - Generated code: C:\Users\ADMIN\STM32CubeIDE\workspace_ECU\Engine_ECU\Core\Src\stm32f4xx_hal_msp.c
2026-04-25 00:16:54,971 [INFO] CodeEngine:263 - oldGeneratedFile, C:\Users\ADMIN\STM32CubeIDE\workspace_ECU\Engine_ECU\MXTmpFiles\system.tmp_save
2026-04-25 00:16:55,108 [INFO] CodeEngine:287 - Generated code: C:\Users\ADMIN\STM32CubeIDE\workspace_ECU\Engine_ECU\MXTmpFiles\system.tmp
2026-04-25 00:16:55,139 [INFO] CodeEngine:319 - oldGeneratedFile, C:\Users\ADMIN\STM32CubeIDE\workspace_ECU\Engine_ECU\Core\Inc\stm32f4xx_hal_conf.h_save
2026-04-25 00:16:55,342 [INFO] CodeEngine:343 - Generated code: C:\Users\ADMIN\STM32CubeIDE\workspace_ECU\Engine_ECU\Core\Inc\stm32f4xx_hal_conf.h
2026-04-25 00:16:55,425 [INFO] CodeEngine:263 - oldGeneratedFile, C:\Users\ADMIN\STM32CubeIDE\workspace_ECU\Engine_ECU\Core\Inc\main.h_save
2026-04-25 00:16:55,654 [INFO] CodeEngine:287 - Generated code: C:\Users\ADMIN\STM32CubeIDE\workspace_ECU\Engine_ECU\Core\Inc\main.h
2026-04-25 00:16:55,708 [INFO] CodeEngine:263 - oldGeneratedFile, C:\Users\ADMIN\STM32CubeIDE\workspace_ECU\Engine_ECU\Core\Src\main.c_save
2026-04-25 00:16:56,036 [INFO] CodeEngine:287 - Generated code: C:\Users\ADMIN\STM32CubeIDE\workspace_ECU\Engine_ECU\Core\Src\main.c
2026-04-25 00:16:56,976 [INFO] ProjectBuilder:3324 - Time for Copy HAL[1] : 387mS.
2026-04-25 00:16:56,986 [INFO] ProjectBuilder:4912 - Project Generator version: 4.6.0.1-B1
2026-04-25 00:16:57,309 [INFO] ConfigFileManager:1590 - The Die is : DIE413
2026-04-25 00:16:59,857 [INFO] ProjectBuilder:5191 - Time for Generating toolchain IDE Files: 2871mS.
2026-04-25 00:16:59,859 [INFO] ProjectBuilder:3181 - Time for Copy CMSIS : 1mS.
2026-04-25 00:16:59,881 [INFO] ProjectBuilder:3181 - Time for Copy CMSIS : 0mS.
