2026-04-24 00:23:56,818 [INFO] MultiScanPanel:200 - Auto-refresh data requested => check proxy status ongoing
2026-04-24 00:23:57,030 [INFO] LoadUrlFilesThread:185 - End of LoadServerUrlFiles without Thread
2026-04-24 00:23:57,030 [INFO] DetailPanel:341 - Set advertising image to C:/Users/ADMIN/STM32Cube/Repository/\en.prom-stm32u3b5-u3c5-0426.jpg
2026-04-24 00:23:57,044 [INFO] DbBoards:642 - Loading board mini-images...
2026-04-24 00:24:00,409 [INFO] DbBoards:665 - Loaded 218 board mini-images
2026-04-24 00:26:22,491 [INFO] MainUpdater:2872 - connection check result : 10
2026-04-24 00:26:22,492 [INFO] MainUpdater:2872 - connection check result : 10
2026-04-24 00:26:22,522 [INFO] MicroXplorer:468 - Change Database Path : 
2026-04-24 00:26:22,522 [INFO] MicroXplorer:498 - Change Database Version : DB.6.0.141
2026-04-24 00:26:22,536 [WARN] ThirdParty:871 - waiting for thirdparty lock release [close project]
2026-04-24 00:26:22,536 [INFO] ThirdParty:873 - entering critical section [close project]
2026-04-24 00:26:22,541 [INFO] ThirdParty:883 - exiting critical section [close project]
2026-04-24 00:26:22,548 [INFO] PinOutPanel:1589 - setPackage(No Configuration,No Configuration)
2026-04-24 00:26:22,560 [INFO] UtilMem:75 - Begin LoadConfig() Used Memory: 647291160 Bytes (1073741824)
2026-04-24 00:26:22,581 [INFO] OpenFileManager:354 - Change cursor
2026-04-24 00:26:22,667 [INFO] ProjectFactory:442 - No CPN specified for board STM32F407G-DISC1 => set CPN to STM32F407VGT6
2026-04-24 00:26:22,668 [INFO] Mcu:2011 - Initializing MCU STM32F407V(E-G)Tx STM32F407VGTx STM32F407VGT6
2026-04-24 00:26:24,355 [INFO] Context:756 - Trying to add GPIOservice into a context  which must be forbidden
2026-04-24 00:26:24,961 [INFO] Rule:225 - rule 117617 - U5Cobra4M][GTZC] default value MPCBB3 and MPCBB5 - Not Secured memory - MPCBB1 is applicable
2026-04-24 00:26:24,962 [INFO] Rule:225 - rule 117617 - U5Cobra4M][GTZC] default value MPCBB3 and MPCBB5 - Not Secured memory - MPCBB1 is applicable
2026-04-24 00:26:24,962 [INFO] Rule:225 - rule 117617 - U5Cobra4M][GTZC] default value MPCBB3 and MPCBB5 - Not Secured memory - MPCBB2 is applicable
2026-04-24 00:26:24,962 [INFO] Rule:225 - rule 117617 - U5Cobra4M][GTZC] default value MPCBB3 and MPCBB5 - Not Secured memory - MPCBB2 is applicable
2026-04-24 00:26:24,963 [INFO] Rule:225 - rule 117617 - U5Cobra4M][GTZC] default value MPCBB3 and MPCBB5 - Not Secured memory - MPCBB3 is applicable
2026-04-24 00:26:24,964 [INFO] Rule:225 - rule 117617 - U5Cobra4M][GTZC] default value MPCBB3 and MPCBB5 - Not Secured memory - MPCBB3 is applicable
2026-04-24 00:26:24,964 [INFO] Rule:225 - rule 117617 - U5Cobra4M][GTZC] default value MPCBB3 and MPCBB5 - Not Secured memory - MPCBB4 is applicable
2026-04-24 00:26:24,964 [INFO] Rule:225 - rule 117617 - U5Cobra4M][GTZC] default value MPCBB3 and MPCBB5 - Not Secured memory - MPCBB4 is applicable
2026-04-24 00:26:24,964 [INFO] Rule:225 - rule 117617 - U5Cobra4M][GTZC] default value MPCBB3 and MPCBB5 - Secured memory - MPCBB1 is applicable
2026-04-24 00:26:24,965 [INFO] Rule:225 - rule 117617 - U5Cobra4M][GTZC] default value MPCBB3 and MPCBB5 - Secured memory - MPCBB2 is applicable
2026-04-24 00:26:24,965 [INFO] Rule:225 - rule 117617 - U5Cobra4M][GTZC] default value MPCBB3 and MPCBB5 - Secured memory - MPCBB3 is applicable
2026-04-24 00:26:24,965 [INFO] Rule:225 - rule 117617 - U5Cobra4M][GTZC] default value MPCBB3 and MPCBB5 - Secured memory - MPCBB4 is applicable
2026-04-24 00:26:24,965 [INFO] Rule:225 - rule 117617 - U5Cobra4M][GTZC] default value MPCBB3 and MPCBB5 - Privileged memory - MPCBB1 is applicable
2026-04-24 00:26:24,965 [INFO] Rule:225 - rule 117617 - U5Cobra4M][GTZC] default value MPCBB3 and MPCBB5 - Privileged memory - MPCBB2 is applicable
2026-04-24 00:26:24,965 [INFO] Rule:225 - rule 117617 - U5Cobra4M][GTZC] default value MPCBB3 and MPCBB5 - Privileged memory - MPCBB3 is applicable
2026-04-24 00:26:24,965 [INFO] Rule:225 - rule 117617 - U5Cobra4M][GTZC] default value MPCBB3 and MPCBB5 - Privileged memory - MPCBB4 is applicable
2026-04-24 00:26:24,965 [INFO] Rule:225 - rule 117617 - U5Cobra4M][GTZC] default value MPCBB3 and MPCBB5 - Not Privileged memory - MPCBB1 is applicable
2026-04-24 00:26:24,965 [INFO] Rule:225 - rule 117617 - U5Cobra4M][GTZC] default value MPCBB3 and MPCBB5 - Not Privileged memory - MPCBB2 is applicable
2026-04-24 00:26:24,966 [INFO] Rule:225 - rule 117617 - U5Cobra4M][GTZC] default value MPCBB3 and MPCBB5 - Not Privileged memory - MPCBB3 is applicable
2026-04-24 00:26:24,966 [INFO] Rule:225 - rule 117617 - U5Cobra4M][GTZC] default value MPCBB3 and MPCBB5 - Not Privileged memory - MPCBB4 is applicable
2026-04-24 00:26:24,966 [INFO] Rule:225 - rule 117617 - U5Cobra4M][GTZC] default value MPCBB3 and MPCBB5 - Privileged memory - MPCBB1 is applicable
2026-04-24 00:26:24,966 [INFO] Rule:225 - rule 117617 - U5Cobra4M][GTZC] default value MPCBB3 and MPCBB5 - Privileged memory - MPCBB2 is applicable
2026-04-24 00:26:24,966 [INFO] Rule:225 - rule 117617 - U5Cobra4M][GTZC] default value MPCBB3 and MPCBB5 - Privileged memory - MPCBB3 is applicable
2026-04-24 00:26:24,966 [INFO] Rule:225 - rule 117617 - U5Cobra4M][GTZC] default value MPCBB3 and MPCBB5 - Privileged memory - MPCBB4 is applicable
2026-04-24 00:26:24,966 [INFO] Rule:225 - rule 117617 - U5Cobra4M][GTZC] default value MPCBB3 and MPCBB5 - Privileged memory - MPCBB1 is applicable
2026-04-24 00:26:24,966 [INFO] Rule:225 - rule 117617 - U5Cobra4M][GTZC] default value MPCBB3 and MPCBB5 - Privileged memory - MPCBB2 is applicable
2026-04-24 00:26:24,966 [INFO] Rule:225 - rule 117617 - U5Cobra4M][GTZC] default value MPCBB3 and MPCBB5 - Privileged memory - MPCBB3 is applicable
2026-04-24 00:26:24,966 [INFO] Rule:225 - rule 117617 - U5Cobra4M][GTZC] default value MPCBB3 and MPCBB5 - Privileged memory - MPCBB4 is applicable
2026-04-24 00:26:24,966 [INFO] Rule:225 - rule 117617 - U5Cobra4M][GTZC] default value MPCBB3 and MPCBB5 - Not Privileged memory - MPCBB1 is applicable
2026-04-24 00:26:24,967 [INFO] Rule:225 - rule 117617 - U5Cobra4M][GTZC] default value MPCBB3 and MPCBB5 - Not Privileged memory - MPCBB2 is applicable
2026-04-24 00:26:24,967 [INFO] Rule:225 - rule 117617 - U5Cobra4M][GTZC] default value MPCBB3 and MPCBB5 - Not Privileged memory - MPCBB3 is applicable
2026-04-24 00:26:24,967 [INFO] Rule:225 - rule 117617 - U5Cobra4M][GTZC] default value MPCBB3 and MPCBB5 - Not Privileged memory - MPCBB4 is applicable
2026-04-24 00:26:24,967 [INFO] Rule:225 - rule 117617 - U5Cobra4M][GTZC] default value MPCBB3 and MPCBB5 - Privileged memory - MPCBB1 is applicable
2026-04-24 00:26:24,967 [INFO] Rule:225 - rule 117617 - U5Cobra4M][GTZC] default value MPCBB3 and MPCBB5 - Privileged memory - MPCBB2 is applicable
2026-04-24 00:26:24,967 [INFO] Rule:225 - rule 117617 - U5Cobra4M][GTZC] default value MPCBB3 and MPCBB5 - Privileged memory - MPCBB3 is applicable
2026-04-24 00:26:24,967 [INFO] Rule:225 - rule 117617 - U5Cobra4M][GTZC] default value MPCBB3 and MPCBB5 - Privileged memory - MPCBB4 is applicable
2026-04-24 00:26:24,967 [INFO] Rule:225 - rule Rename SubGHz_Phy SUBGHZ_APPLICATION SUBGHZ_PINGPONG to SUBGHZ_ADV_APPLICATION is applicable
2026-04-24 00:26:24,967 [INFO] Rule:225 - rule Rename Enabled to IBEACON is applicable
2026-04-24 00:26:24,967 [INFO] Rule:225 - rule GTZC_S instance for project manager is applicable
2026-04-24 00:26:24,967 [INFO] Rule:225 - rule GTZC_S instance for context M33S is applicable
2026-04-24 00:26:24,967 [INFO] Rule:225 - rule GTZC_S instance value for IP GTZC is applicable
2026-04-24 00:26:24,967 [INFO] Rule:225 - rule GTZC_S instance for mcu.IP is applicable
2026-04-24 00:26:24,967 [INFO] Rule:225 - rule GTZC_S instance for VP is applicable
2026-04-24 00:26:24,967 [INFO] Rule:225 - rule GTZC_S instance for signal is applicable
2026-04-24 00:26:24,967 [INFO] Rule:225 - rule GTZC_S instance for mcu.Pin is applicable
2026-04-24 00:26:24,968 [INFO] Rule:225 - rule GTZC_S instance for VP is applicable
2026-04-24 00:26:24,968 [INFO] Rule:225 - rule GTZC_S instance for signal is applicable
2026-04-24 00:26:24,968 [INFO] Rule:225 - rule GTZC_S instance for mcu is applicable
2026-04-24 00:26:24,968 [INFO] Rule:225 - rule GTZC_S instance for mcu.Pin is applicable
2026-04-24 00:26:24,968 [INFO] Rule:225 - rule GTZC_S instance value for IP GTZC is applicable
2026-04-24 00:26:24,968 [INFO] Rule:225 - rule GTZC_S instance for project manager is applicable
2026-04-24 00:26:24,968 [INFO] Rule:225 - rule GTZC_S instance for context M33S is applicable
2026-04-24 00:26:24,968 [INFO] Rule:225 - rule GTZC_S instance for VP is applicable
2026-04-24 00:26:24,968 [INFO] Rule:225 - rule GTZC_S instance for signal is applicable
2026-04-24 00:26:24,968 [INFO] Rule:225 - rule SPDIFRX instance for mcu is applicable
2026-04-24 00:26:24,968 [INFO] Rule:225 - rule Rename Tracer Mode is applicable
2026-04-24 00:26:24,968 [INFO] Rule:225 - rule SPDIFRX instance value for IP SPDIFRX is applicable
2026-04-24 00:26:24,968 [INFO] Rule:225 - rule SPDIFRX instance for signal is applicable
2026-04-24 00:26:24,968 [INFO] Rule:225 - rule SPDIFRX instance for project manager is applicable
2026-04-24 00:26:24,968 [INFO] Rule:225 - rule SPDIFRX instance for project manager is applicable
2026-04-24 00:26:24,968 [INFO] Rule:225 - rule ADC Scan  fix with FW F7 is applicable
2026-04-24 00:26:24,968 [INFO] Rule:225 - rule ADC Scan  fix with FW F7 is applicable
2026-04-24 00:26:24,969 [INFO] Rule:225 - rule WakeUp0 Mode is applicable
2026-04-24 00:26:24,969 [INFO] Rule:225 - rule WakeUp0 SIGNAL is applicable
2026-04-24 00:26:24,969 [INFO] Rule:225 - rule WakeUp1 Mode is applicable
2026-04-24 00:26:24,969 [INFO] Rule:225 - rule WakeUp1 SIGNAL is applicable
2026-04-24 00:26:24,969 [INFO] Rule:225 - rule WakeUp2 Mode is applicable
2026-04-24 00:26:24,969 [INFO] Rule:225 - rule WakeUp2 SIGNAL is applicable
2026-04-24 00:26:24,969 [INFO] Rule:225 - rule WakeUp4 Mode is applicable
2026-04-24 00:26:24,969 [INFO] Rule:225 - rule WakeUp4 SIGNAL is applicable
2026-04-24 00:26:24,969 [INFO] Rule:225 - rule WakeUp5 Mode is applicable
2026-04-24 00:26:24,969 [INFO] Rule:225 - rule WakeUp5 SIGNAL is applicable
2026-04-24 00:26:24,969 [INFO] Rule:225 - rule Add RTC Activate Clock Source is applicable
2026-04-24 00:26:24,969 [INFO] Rule:225 - rule Add RTC Activate Calendar 1 is applicable
2026-04-24 00:26:24,969 [INFO] Rule:225 - rule Add RTC Activate Calendar 2 is applicable
2026-04-24 00:26:24,969 [INFO] Rule:225 - rule Add RTC Activate Calendar 3 is applicable
2026-04-24 00:26:24,969 [INFO] Rule:225 - rule UART/USART TX Mode is applicable
2026-04-24 00:26:24,969 [INFO] Rule:225 - rule UART/USART RX Mode is applicable
2026-04-24 00:26:24,969 [INFO] Rule:225 - rule UART/USART RX TX Mode is applicable
2026-04-24 00:26:24,970 [INFO] Rule:225 - rule UART/USART PARITY NONE is applicable
2026-04-24 00:26:24,970 [INFO] Rule:225 - rule UART/USART PARITY EVEN is applicable
2026-04-24 00:26:24,970 [INFO] Rule:225 - rule UART/USART PARITY ODD is applicable
2026-04-24 00:26:24,970 [INFO] Rule:225 - rule USART StopBits 1 is applicable
2026-04-24 00:26:24,970 [INFO] Rule:225 - rule USART StopBits 2 is applicable
2026-04-24 00:26:24,970 [INFO] Rule:225 - rule USART StopBits 1.5 is applicable
2026-04-24 00:26:24,970 [INFO] Rule:225 - rule USART StopBits 0.5 is applicable
2026-04-24 00:26:24,970 [INFO] Rule:225 - rule UART/USART WORD LENGTH 7 is applicable
2026-04-24 00:26:24,970 [INFO] Rule:225 - rule UART/USART WORD LENGTH 8 is applicable
2026-04-24 00:26:24,970 [INFO] Rule:225 - rule UART/USART WORD LENGTH 9 is applicable
2026-04-24 00:26:24,970 [INFO] Rule:225 - rule Rename FMC NAND NCE signal is applicable
2026-04-24 00:26:24,970 [INFO] Rule:225 - rule Rename FMC NAND INT signal is applicable
2026-04-24 00:26:24,970 [INFO] Rule:225 - rule Change Default Value for LSE Drive Capability for WB family is applicable
2026-04-24 00:26:24,970 [INFO] Rule:225 - rule Change Default Value for ADC Clock Prescaler G0 family is applicable
2026-04-24 00:26:24,971 [INFO] Rule:225 - rule Change Default Value for ADC ExternalTrigConv L4 family is applicable
2026-04-24 00:26:24,971 [INFO] Rule:225 - rule Change Default Value for ADC ExternalTrigInjecConv L4 family is applicable
2026-04-24 00:26:24,971 [INFO] Rule:225 - rule Change Default Value for ADC ExternalTrigConv F3 family is applicable
2026-04-24 00:26:24,971 [INFO] Rule:225 - rule Change Default Value for ADC ExternalTrigInjecConv F3 family is applicable
2026-04-24 00:26:24,971 [INFO] Rule:225 - rule Change Default Value for ADC ExternalTrigConv Goldfish serie is applicable
2026-04-24 00:26:24,971 [INFO] Rule:225 - rule Change Default Value for ADC ExternalTrigInjecConv Goldfish serie is applicable
2026-04-24 00:26:24,971 [INFO] Rule:225 - rule Change Default Value for ADC ExternalTrigConv L0 family is applicable
2026-04-24 00:26:24,971 [INFO] Rule:225 - rule Change Default Value for ADC ExternalTrigConv F0 family is applicable
2026-04-24 00:26:24,971 [INFO] Rule:225 - rule Change Default Value for ADC ExternalTrigConvn L1 family is applicable
2026-04-24 00:26:24,971 [INFO] Rule:225 - rule Change Default Value for ADC ExternalTrigInjecConv L1 family is applicable
2026-04-24 00:26:24,971 [INFO] Rule:225 - rule Change Default Value for ADC ExternalTrigConv F1 family is applicable
2026-04-24 00:26:24,971 [INFO] Rule:225 - rule Change Default Value for ADC ExternalTrigInjecConv F1 family is applicable
2026-04-24 00:26:24,971 [INFO] Rule:225 - rule Change Default Value for ADC ExternalTrigConv F7 family is applicable
2026-04-24 00:26:24,971 [INFO] Rule:225 - rule Change Default Value for ADC ExternalTrigInjecConv F7 family is applicable
2026-04-24 00:26:24,971 [INFO] Rule:225 - rule Change Default Value for ADC ExternalTrigConv F4 and F2 family is applicable
2026-04-24 00:26:24,971 [INFO] Rule:225 - rule Change Default Value for ADC ExternalTrigInjecConv F4 and F2 family is applicable
2026-04-24 00:26:24,971 [INFO] Rule:225 - rule ADC SamplingTime fix with FW L0  is applicable
2026-04-24 00:26:24,971 [INFO] Rule:225 - rule ADC SamplingTime fix with FW L0  is applicable
2026-04-24 00:26:24,971 [INFO] Rule:225 - rule ADC SamplingTime fix with FW L0 is applicable
2026-04-24 00:26:24,971 [INFO] Rule:225 - rule ADC SamplingTime fix with FW L0 is applicable
2026-04-24 00:26:24,972 [INFO] Rule:225 - rule ADC SamplingTime fix with FW L0  is applicable
2026-04-24 00:26:24,972 [INFO] Rule:225 - rule ADC SamplingTime fix with FW L0 is applicable
2026-04-24 00:26:24,972 [INFO] Rule:225 - rule Rename USB_OE Signal is applicable
2026-04-24 00:26:24,972 [INFO] Rule:225 - rule Rename Activate_OE Mode is applicable
2026-04-24 00:26:24,972 [INFO] Rule:225 - rule Rename DIE462/DIE415 pin PC14/OSC32_IN -> PC14-OSC32_IN (PC14) is applicable
2026-04-24 00:26:24,972 [INFO] Rule:225 - rule Rename DIE462/DIE415 pin PC15/OSC32_OUT -> PC15-OSC32_OUT (PC15) is applicable
2026-04-24 00:26:24,972 [INFO] Rule:225 - rule Rename DIE462/DIE415 pin PH0/OSC_IN -> PH0-OSC_IN (PH0) is applicable
2026-04-24 00:26:24,972 [INFO] Rule:225 - rule Rename DIE462/DIE415 pin PH1/OSC_OUT -> PH1-OSC_OUT (PH1) is applicable
2026-04-24 00:26:24,972 [INFO] Rule:225 - rule Rename DIE462 pin PA13 -> PA13 (JTMS/SWDIO) is applicable
2026-04-24 00:26:24,973 [INFO] Rule:225 - rule Rename DIE415 pin PA13 -> PA13 (JTMS/SWDIO) is applicable
2026-04-24 00:26:24,973 [INFO] Rule:225 - rule Rename DIE462 pin PA14 -> PA14 (JTCK/SWCLK) is applicable
2026-04-24 00:26:24,973 [INFO] Rule:225 - rule Rename DIE415 pin PA14 -> PA14 (JTCK/SWCLK) is applicable
2026-04-24 00:26:24,973 [INFO] Rule:225 - rule Rename DIE462/DIE415 pin PA15 -> PA15 (JTDI) is applicable
2026-04-24 00:26:24,973 [INFO] Rule:225 - rule Rename DIE462 pin PB3 -> PB3 (JTD0/TRACESWO) is applicable
2026-04-24 00:26:24,973 [INFO] Rule:225 - rule Rename DIE415 pin PB3 -> PB3 (JTD0-TRACESWO) is applicable
2026-04-24 00:26:24,973 [INFO] Rule:225 - rule Rename DIE462/DIE415 pin PB4 -> PB4 (NJTRST) is applicable
2026-04-24 00:26:24,973 [INFO] Rule:225 - rule Rename DIE462 pin PH3/BOOT0 -> PH3-BOOT0 (BOOT0) is applicable
2026-04-24 00:26:24,973 [INFO] Rule:225 - rule Rename CRYP DataEncryptionTypesList to Algorithm is applicable
2026-04-24 00:26:24,973 [INFO] Rule:225 - rule Rename AES DataEncryptionTypesList to Algorithm is applicable
2026-04-24 00:26:24,974 [INFO] Rule:225 - rule Rename TDESECB to CRYP_TDES_ECB is applicable
2026-04-24 00:26:24,974 [INFO] Rule:225 - rule Rename TDESCBC to CRYP_TDES_CBC is applicable
2026-04-24 00:26:24,974 [INFO] Rule:225 - rule Rename DESECB to CRYP_DES_ECB is applicable
2026-04-24 00:26:24,974 [INFO] Rule:225 - rule Rename DESCBC to CRYP_DES_CBC is applicable
2026-04-24 00:26:24,974 [INFO] Rule:225 - rule Rename AESECB to CRYP_AES_ECB is applicable
2026-04-24 00:26:24,974 [INFO] Rule:225 - rule Rename AESCBC to CRYP_AES_CBC is applicable
2026-04-24 00:26:24,974 [INFO] Rule:225 - rule Rename AESCTR to CRYP_AES_CTR is applicable
2026-04-24 00:26:24,974 [INFO] Rule:225 - rule Rename AESGCM to CRYP_AES_GCM is applicable
2026-04-24 00:26:24,974 [INFO] Rule:225 - rule Rename AESCCM to CRYP_AES_CCM is applicable
2026-04-24 00:26:24,975 [INFO] Rule:225 - rule Rename CAN TimeSeg1 to BS1 is applicable
2026-04-24 00:26:24,975 [INFO] Rule:225 - rule Rename CAN TimeSeg2 to BS2 is applicable
2026-04-24 00:26:24,975 [INFO] Rule:225 - rule Rename CAN SyncJumpWidth to SJW is applicable
2026-04-24 00:26:24,975 [INFO] Rule:225 - rule TimeTriggeredMode to TTCM is applicable
2026-04-24 00:26:24,975 [INFO] Rule:225 - rule Rename CAN AutoBusOff to ABOM is applicable
2026-04-24 00:26:24,975 [INFO] Rule:225 - rule Rename CAN AutoWakeUp to AWUM is applicable
2026-04-24 00:26:24,975 [INFO] Rule:225 - rule Rename CAN AutoRetransmission to NART is applicable
2026-04-24 00:26:24,975 [INFO] Rule:225 - rule Rename CAN ReceiveFifoLocked to RFLM is applicable
2026-04-24 00:26:24,975 [INFO] Rule:225 - rule Rename CAN TransmitFifoPriority to TXFP is applicable
2026-04-24 00:26:24,975 [INFO] Rule:225 - rule Rename HRTIMER HRTIM_OUTPUTFAULTLEVEL_HIGH in HRTIMER HRTIM_OUTPUTFAULTLEVEL_HIGHZ is applicable
2026-04-24 00:26:24,976 [INFO] Rule:225 - rule Rename TIMER TIM_CLEARINPUTSOURCE_OCREFCLR in  TIMER TIM_CLEARINPUTSOURCE_NONE for F7 family is applicable
2026-04-24 00:26:24,976 [INFO] Rule:225 - rule FDCAN_R1 - Rename FDCAN mode Master into Classic is applicable
2026-04-24 00:26:24,976 [INFO] Rule:225 - rule FDCAN_R2 - Rename FDCAN mode Slave into Classic is applicable
2026-04-24 00:26:24,976 [INFO] Rule:225 - rule FDCAN1_R3 - if PA10.Mode=FullDuplex, add Pin PA12 is applicable
2026-04-24 00:26:24,976 [INFO] Rule:225 - rule FDCAN1_R3 - if PA9.Mode=FullDuplex, add Pin PA11 is applicable
2026-04-24 00:26:24,976 [INFO] Rule:225 - rule FDCAN1_R3 - Alternatepin_1 - if PE1.Mode=FullDuplex, add Pin PB9 is applicable
2026-04-24 00:26:24,976 [INFO] Rule:225 - rule FDCAN1_R3 - Alternatepin_1 - if PE0.Mode=FullDuplex, add Pin PB8 is applicable
2026-04-24 00:26:24,976 [INFO] Rule:225 - rule FDCAN1_R3 - Alternatepin_2 - if PD5.Mode=FullDuplex, add Pin PD1 is applicable
2026-04-24 00:26:24,976 [INFO] Rule:225 - rule FDCAN1_R3 - Alternatepin_2 - if PD4.Mode=FullDuplex, add Pin PD0 is applicable
2026-04-24 00:26:24,976 [INFO] Rule:225 - rule FDCAN1_R4 - Rename Mode FullDuplex into Enable FDCAN_TXFD for pin PA10 is applicable
2026-04-24 00:26:24,976 [INFO] Rule:225 - rule FDCAN1_R4 - Rename Mode FullDuplex into Enable FDCAN_TXFD for pin PA9 is applicable
2026-04-24 00:26:24,976 [INFO] Rule:225 - rule FDCAN1_R4 - Alternatepin_1 - Rename Mode FullDuplex into Enable FDCAN_TXFD for pin PE1 is applicable
2026-04-24 00:26:24,977 [INFO] Rule:225 - rule FDCAN1_R4 - Alternatepin_1 - Rename Mode FullDuplex into Enable FDCAN_TXFD for pin PE0 is applicable
2026-04-24 00:26:24,977 [INFO] Rule:225 - rule FDCAN1_R4 - Alternatepin_2 - Rename Mode FullDuplex into Enable FDCAN_TXFD for pin PD5 is applicable
2026-04-24 00:26:24,977 [INFO] Rule:225 - rule FDCAN1_R4 - Alternatepin_2 - Rename Mode FullDuplex into Enable FDCAN_TXFD for pin PD4 is applicable
2026-04-24 00:26:24,977 [INFO] Rule:225 - rule FDCAN2_R3 - if PD10.Mode=FullDuplex, add Pin PB13 is applicable
2026-04-24 00:26:24,977 [INFO] Rule:225 - rule FDCAN2_R3 - if PD9.Mode=FullDuplex, add Pin PB12 is applicable
2026-04-24 00:26:24,977 [INFO] Rule:225 - rule FDCAN2_R3 - Alternatepin_1 - if PB7.Mode=FullDuplex, add Pin PB6 is applicable
2026-04-24 00:26:24,977 [INFO] Rule:225 - rule FDCAN2_R3 - Alternatepin_1 - if PD9.Mode=FullDuplex, add Pin PB12 is applicable
2026-04-24 00:26:24,977 [INFO] Rule:225 - rule FDCAN2_R4 - Rename Mode FullDuplex into Enable FDCAN_TXFD for pin PD10 is applicable
2026-04-24 00:26:24,977 [INFO] Rule:225 - rule FDCAN2_R4 - Rename Mode FullDuplex into Enable FDCAN_TXFD for pin PD9 is applicable
2026-04-24 00:26:24,977 [INFO] Rule:225 - rule FDCAN2_R4 - Alternatepin_1 - Rename Mode FullDuplex into Enable FDCAN_TXFD for pin PB7 is applicable
2026-04-24 00:26:24,977 [INFO] Rule:225 - rule FDCAN2_R4 - Alternatepin_1 - Rename Mode FullDuplex into Enable FDCAN_TXFD for pin PD6 is applicable
2026-04-24 00:26:24,978 [INFO] Rule:225 - rule USART TxPinLevelInvertParam Mode is applicable
2026-04-24 00:26:24,978 [INFO] Rule:225 - rule USART RxPinLevelInvertParam Mode is applicable
2026-04-24 00:26:24,978 [INFO] Rule:225 - rule USART DataInvertParam Mode is applicable
2026-04-24 00:26:24,978 [INFO] Rule:225 - rule USART SwapParam Mode is applicable
2026-04-24 00:26:24,978 [INFO] Rule:225 - rule USART OverrunDisableParam Mode is applicable
2026-04-24 00:26:24,979 [INFO] Rule:225 - rule USART DMADisableonRxErrorParam Mode is applicable
2026-04-24 00:26:24,980 [INFO] Rule:225 - rule USART MSBFirstParam Mode is applicable
2026-04-24 00:26:24,980 [INFO] Rule:225 - rule Update MwName for USB_DEVICE is applicable
2026-04-24 00:26:24,980 [INFO] Rule:225 - rule Change PWR_Regulator_Voltage_Scale Default Value for RCC  H7 family is applicable
2026-04-24 00:26:24,980 [INFO] Rule:225 - rule UART/USART IPParameter rename Prescaler parameter to ClockPrescaler is applicable
2026-04-24 00:26:24,981 [INFO] Rule:225 - rule UART/USART Prescaler rename Prescaler parameter to ClockPrescaler is applicable
2026-04-24 00:26:24,981 [INFO] Rule:225 - rule TIM1CLockSelection is applicable
2026-04-24 00:26:24,981 [INFO] Rule:225 - rule TIM15CLockSelection is applicable
2026-04-24 00:26:24,981 [INFO] Rule:225 - rule align RCC SDMMC3CLockSelection default value on MP1 is applicable
2026-04-24 00:26:24,981 [INFO] Rule:225 - rule align RCC SDMMC12CLockSelection default value on MP1 is applicable
2026-04-24 00:26:24,981 [INFO] Rule:225 - rule align RCC QSPICLockSelection default value on MP1 is applicable
2026-04-24 00:26:24,981 [INFO] Rule:225 - rule align RCC QSPICLockSelection default value on MP1 is applicable
2026-04-24 00:26:24,981 [INFO] Rule:225 - rule align RCC SPI6CLockSelection default value on MP1 is applicable
2026-04-24 00:26:24,981 [INFO] Rule:225 - rule align RCC LPTIM23CLockSelection default value on MP1 is applicable
2026-04-24 00:26:24,981 [INFO] Rule:225 - rule align RCC LPTIM1CLockSelection default value on MP1 is applicable
2026-04-24 00:26:24,981 [INFO] Rule:225 - rule align RCC USART1CLockSelection default value on MP1 is applicable
2026-04-24 00:26:24,981 [INFO] Rule:225 - rule align RCC USART24CLockSelection default value on MP1 is applicable
2026-04-24 00:26:24,981 [INFO] Rule:225 - rule align RCC USART6CLockSelection default value on MP1 is applicable
2026-04-24 00:26:24,981 [INFO] Rule:225 - rule align RCC UART78CLockSelection default value on MP1 is applicable
2026-04-24 00:26:24,982 [INFO] Rule:225 - rule align RCC USART35CLockSelection default value on MP1 is applicable
2026-04-24 00:26:24,982 [INFO] Rule:225 - rule align RCC SPI45CLockSelection default value on MP1 is applicable
2026-04-24 00:26:24,982 [INFO] Rule:225 - rule align RCC I2C46CLockSelection BCLK value on MP1 is applicable
2026-04-24 00:26:24,982 [INFO] Rule:225 - rule align RCC SPI45CLockSelection default value on MP1 is applicable
2026-04-24 00:26:24,982 [INFO] Rule:225 - rule align RCC I2C12CLockSelection default value on MP1 is applicable
2026-04-24 00:26:24,982 [INFO] Rule:225 - rule align RCC I2C35CLockSelection default value on MP1 is applicable
2026-04-24 00:26:24,982 [INFO] Rule:225 - rule align RCC LPTIM45CLockSelection default value on MP1 is applicable
2026-04-24 00:26:24,982 [INFO] Rule:225 - rule Rename DCMI PIXCK signal is applicable
2026-04-24 00:26:24,982 [INFO] Rule:225 - rule Change Default Value for I2C46CLockSelection MP1 family is applicable
2026-04-24 00:26:24,982 [INFO] Rule:225 - rule Change Default Value for UART for G4, G0 and WB families is applicable
2026-04-24 00:26:24,983 [INFO] Rule:225 - rule Change Default Value for USART for G4, G0 and WB families is applicable
2026-04-24 00:26:24,983 [INFO] Rule:225 - rule Change Default Value for USART for G4 family is applicable
2026-04-24 00:26:24,983 [INFO] Rule:225 - rule Change USART1CLockSelection refparam name for MP1 is applicable
2026-04-24 00:26:24,983 [INFO] Rule:225 - rule Change USART2CLockSelection refparam name for MP1 is applicable
2026-04-24 00:26:24,983 [INFO] Rule:225 - rule Change USART3CLockSelection refparam name for MP1 is applicable
2026-04-24 00:26:24,983 [INFO] Rule:225 - rule Change UART4CLockSelection refparam name for MP1 is applicable
2026-04-24 00:26:24,983 [INFO] Rule:225 - rule Change UART5CLockSelection refparam name for MP1 is applicable
2026-04-24 00:26:24,983 [INFO] Rule:225 - rule Change LPUART1CLockSelection refparam name for MP1 is applicable
2026-04-24 00:26:24,983 [INFO] Rule:225 - rule Change LPTIM1CLockSelection refparam name for MP1 is applicable
2026-04-24 00:26:24,983 [INFO] Rule:225 - rule Change LPTIM2CLockSelection refparam name for MP1 is applicable
2026-04-24 00:26:24,983 [INFO] Rule:225 - rule Change RCC_MCO1Source refparam name for MP1 is applicable
2026-04-24 00:26:24,983 [INFO] Rule:225 - rule Change LSCOSource1 refparam name for MP1 is applicable
2026-04-24 00:26:24,983 [INFO] Rule:225 - rule Change SMPSCLockSelection refparam name for MP1 is applicable
2026-04-24 00:26:24,983 [INFO] Rule:225 - rule Change LPTIM3CLockSelection refparam name for MP1 is applicable
2026-04-24 00:26:24,983 [INFO] Rule:225 - rule Change MPCBB* Default Template Mode to Parameters is applicable
2026-04-24 00:26:24,983 [INFO] Rule:225 - rule Change MPCWM* or MPCBB* Secure Mode to Parameters is applicable
2026-04-24 00:26:24,983 [INFO] Rule:225 - rule Change MPCWM* or MPCBB* No Secure Mode to Parameters is applicable
2026-04-24 00:26:24,983 [INFO] Rule:225 - rule Change TZSC IP Secure Mode to Parameters is applicable
2026-04-24 00:26:24,983 [INFO] Rule:225 - rule Change TZSC IP No Secure Mode to Parameters is applicable
2026-04-24 00:26:24,983 [INFO] Rule:225 - rule Change TZSC IP Privilege Mode to Parameters is applicable
2026-04-24 00:26:24,984 [INFO] Rule:225 - rule Change TZSC IP No Privilege Mode to Parameters is applicable
2026-04-24 00:26:24,984 [INFO] Rule:225 - rule Change TZIC IT Secure Mode to Parameters is applicable
2026-04-24 00:26:24,984 [INFO] Rule:225 - rule Change TZIC IT No Secure Mode to Parameters is applicable
2026-04-24 00:26:24,984 [INFO] Rule:225 - rule Add MPCBB1_NonSecureArea_Start_Address value with referenced to MPCBB1_NonSecureArea_Start value is applicable
2026-04-24 00:26:24,984 [INFO] Rule:225 - rule Add MPCBB2_NonSecureArea_Start_Address value with referenced to MPCBB2_NonSecureArea_Start value is applicable
2026-04-24 00:26:24,984 [INFO] Rule:225 - rule Add MPCWM1_NonSecureArea*_Start_Address value with referenced to MPCWM1_NonSecureArea*_Start value is applicable
2026-04-24 00:26:24,984 [INFO] Rule:225 - rule Add MPCWM2_NonSecureArea*_Start_Address value with referenced to MPCWM2_NonSecureArea*_Start value is applicable
2026-04-24 00:26:24,984 [INFO] Rule:225 - rule Add MPCWM3_NonSecureArea_Start_Address value with referenced to MPCWM3_NonSecureArea_Start value is applicable
2026-04-24 00:26:24,984 [INFO] Rule:225 - rule Change Default Value for PLL1UserDefinedConfig is applicable
2026-04-24 00:26:24,984 [INFO] Rule:225 - rule Change GPIO_PuPd Default Value for USART in async mode is applicable
2026-04-24 00:26:24,984 [INFO] Rule:225 - rule Change SMPSDivider Default Value is applicable
2026-04-24 00:26:24,984 [INFO] Rule:225 - rule OPAMP is applicable
2026-04-24 00:26:24,984 [INFO] Rule:225 - rule LPUART IPParameter rename Prescaler parameter to ClockPrescaler for STM32H7 is applicable
2026-04-24 00:26:24,984 [INFO] Rule:225 - rule LPUART IPParameter rename Prescaler parameter to ClockPrescaler for STM32H7 is applicable
2026-04-24 00:26:24,984 [INFO] Rule:225 - rule LPUART IPParameter rename Prescaler parameter to ClockPrescaler for STM32WB is applicable
2026-04-24 00:26:24,984 [INFO] Rule:225 - rule LPUART IPParameter rename Prescaler parameter to ClockPrescaler for STM32WB is applicable
2026-04-24 00:26:24,984 [INFO] Rule:225 - rule LPUART IPParameter rename Prescaler parameter to ClockPrescaler for STM32G4 is applicable
2026-04-24 00:26:24,984 [INFO] Rule:225 - rule LPUART IPParameter rename Prescaler parameter to ClockPrescaler for STM32G4 is applicable
2026-04-24 00:26:24,984 [INFO] Rule:225 - rule LPUART IPParameter rename Prescaler parameter to ClockPrescaler for STM32L5 is applicable
2026-04-24 00:26:24,984 [INFO] Rule:225 - rule LPUART IPParameter rename Prescaler parameter to ClockPrescaler for STM32L5 is applicable
2026-04-24 00:26:24,984 [INFO] Rule:225 - rule LPUART IPParameter rename Prescaler parameter to ClockPrescaler for STM32G4 is applicable
2026-04-24 00:26:24,985 [INFO] Rule:225 - rule LPUART IPParameter rename Prescaler parameter to ClockPrescaler for STM32G4 is applicable
2026-04-24 00:26:24,985 [INFO] Rule:225 - rule USB device lib V2.5.3 for L0 rename USBD_SUPPORT_USER_STRING parameter to USBD_SUPPORT_USER_STRING_DESC4 is applicable
2026-04-24 00:26:24,985 [INFO] Rule:225 - rule I2SCLockSelection clock entry align is applicable
2026-04-24 00:26:24,985 [INFO] Rule:225 - rule Assign TIMx context if used as SYS timebase is applicable
2026-04-24 00:26:24,985 [INFO] Rule:225 - rule Change GPIO_Pu Default Value for I2C is applicable
2026-04-24 00:26:24,985 [INFO] Rule:225 - rule Change GPIO_Pu Default Value for SMBus is applicable
2026-04-24 00:26:24,985 [INFO] Rule:225 - rule change FDCAN default value is applicable
2026-04-24 00:26:24,985 [INFO] Rule:225 - rule Change mode sai is applicable
2026-04-24 00:26:24,985 [INFO] Rule:225 - rule **Change sai mode is applicable
2026-04-24 00:26:24,985 [INFO] Rule:225 - rule Rename STM32WPAN CFG_BLE_IRK to CFG_BLE_IR is applicable
2026-04-24 00:26:24,985 [INFO] Rule:225 - rule Rename STM32WPAN CFG_BLE_ERK to CFG_BLE_ER is applicable
2026-04-24 00:26:24,985 [INFO] Rule:225 - rule Rename STM32WPAN CFG_BLE_IRK_HEX to CFG_BLE_IR_HEX is applicable
2026-04-24 00:26:24,985 [INFO] Rule:225 - rule Rename STM32WPAN CFG_BLE_ERK_HEX to CFG_BLE_ER_HEX is applicable
2026-04-24 00:26:24,985 [INFO] Rule:225 - rule Adapt Old IOC before rework replace old CORTEX_M33/CORTEX_M55 attributes by the new one. is applicable
2026-04-24 00:26:24,985 [INFO] Rule:225 - rule Rename parametre of RCC RCC_APBDBG_DIV2 to RCC_TIMPRES_DIV2 is applicable
2026-04-24 00:26:24,985 [INFO] Rule:225 - rule Rename DIE493 pin PA10 [PA12] -> PA10 is applicable
2026-04-24 00:26:24,985 [INFO] Rule:225 - rule Rename DIE493 pin PA9 [PA11] -> PA9 is applicable
2026-04-24 00:26:24,985 [INFO] Rule:225 - rule Adapt Old IOC CSI. is applicable
2026-04-24 00:26:25,028 [INFO] DbConfProperties:307 - Apply Compatibility (50/267 Rules)
2026-04-24 00:26:25,074 [INFO] ImportTextPane:218 - (OptionalMessage_ERROR) Unable to find key (Mcu.ThirdPartyNb) in loaded IOC file
2026-04-24 00:26:25,084 [INFO] ImportTextPane:218 - (OptionalMessage_ERROR) Pin35 (VP_RIF_VS_RIF1) cannot be retrieved for this MCU
2026-04-24 00:26:25,300 [INFO] RtosManager:558 - Registered RTOS mode: class=CMSIS, group=RTOS, mode=CMSIS_V1, owner=FREERTOS
2026-04-24 00:26:25,300 [INFO] RtosManager:558 - Registered RTOS mode: class=CMSIS, group=RTOS2, mode=CMSIS_V2, owner=FREERTOS
2026-04-24 00:26:25,301 [INFO] RtosManager:558 - Registered RTOS mode: class=RTOS, group=Core, mode=CMSIS_V1, owner=FREERTOS
2026-04-24 00:26:25,301 [INFO] RtosManager:558 - Registered RTOS mode: class=RTOS, group=Core, mode=CMSIS_V2, owner=FREERTOS
2026-04-24 00:26:25,301 [WARN] ModelIntegratedComponent:184 - Missing modes for component STMicroelectronics:FreeRTOS:0.0.1:STMicroelectronics:RTOS:FreeRTOS:Core:::10.2.0:
2026-04-24 00:26:25,319 [WARN] ModelIntegratedComponent:63 - No mode defined for component null
2026-04-24 00:26:25,319 [WARN] ModelIntegratedComponent:63 - No mode defined for component null
2026-04-24 00:26:25,319 [WARN] ModelIntegratedComponent:63 - No mode defined for component null
2026-04-24 00:26:25,319 [WARN] ModelIntegratedComponent:63 - No mode defined for component null
2026-04-24 00:26:25,319 [WARN] ModelIntegratedComponent:63 - No mode defined for component null
2026-04-24 00:26:25,319 [WARN] ModelIntegratedComponent:63 - No mode defined for component null
2026-04-24 00:26:25,320 [WARN] ModelIntegratedComponent:63 - No mode defined for component null
2026-04-24 00:26:25,320 [WARN] ModelIntegratedComponent:63 - No mode defined for component null
2026-04-24 00:26:25,320 [WARN] ModelIntegratedComponent:63 - No mode defined for component null
2026-04-24 00:26:25,320 [WARN] ModelIntegratedComponent:63 - No mode defined for component null
2026-04-24 00:26:25,320 [WARN] ModelIntegratedComponent:63 - No mode defined for component null
2026-04-24 00:26:25,320 [WARN] ModelIntegratedComponent:63 - No mode defined for component null
2026-04-24 00:26:25,320 [WARN] ModelIntegratedComponent:63 - No mode defined for component null
2026-04-24 00:26:25,320 [WARN] ModelIntegratedComponent:63 - No mode defined for component null
2026-04-24 00:26:25,320 [WARN] ModelIntegratedComponent:63 - No mode defined for component null
2026-04-24 00:26:25,320 [WARN] ModelIntegratedComponent:63 - No mode defined for component null
2026-04-24 00:26:25,320 [WARN] ModelIntegratedComponent:63 - No mode defined for component null
2026-04-24 00:26:25,320 [WARN] ModelIntegratedComponent:63 - No mode defined for component null
2026-04-24 00:26:25,320 [WARN] ModelIntegratedComponent:63 - No mode defined for component null
2026-04-24 00:26:25,320 [WARN] ModelIntegratedComponent:63 - No mode defined for component null
2026-04-24 00:26:25,320 [WARN] ModelIntegratedComponent:63 - No mode defined for component null
2026-04-24 00:26:25,320 [WARN] ModelIntegratedComponent:63 - No mode defined for component null
2026-04-24 00:26:25,320 [WARN] ModelIntegratedComponent:63 - No mode defined for component null
2026-04-24 00:26:25,320 [WARN] ModelIntegratedComponent:63 - No mode defined for component null
2026-04-24 00:26:25,320 [WARN] ModelIntegratedComponent:63 - No mode defined for component null
2026-04-24 00:26:25,320 [WARN] ModelIntegratedComponent:63 - No mode defined for component null
2026-04-24 00:26:25,321 [WARN] ModelIntegratedComponent:63 - No mode defined for component null
2026-04-24 00:26:25,321 [WARN] ModelIntegratedComponent:63 - No mode defined for component null
2026-04-24 00:26:25,321 [WARN] ModelIntegratedComponent:63 - No mode defined for component null
2026-04-24 00:26:25,321 [WARN] ModelIntegratedComponent:63 - No mode defined for component null
2026-04-24 00:26:25,321 [WARN] ModelIntegratedComponent:63 - No mode defined for component null
2026-04-24 00:26:25,321 [WARN] ModelIntegratedComponent:63 - No mode defined for component null
2026-04-24 00:26:25,321 [WARN] ModelIntegratedComponent:63 - No mode defined for component null
2026-04-24 00:26:25,321 [WARN] ModelIntegratedComponent:63 - No mode defined for component null
2026-04-24 00:26:25,321 [WARN] ModelIntegratedComponent:63 - No mode defined for component null
2026-04-24 00:26:25,321 [WARN] ModelPack:524 - Component already loaded: STMicroelectronics:HAL Drivers:0.0.0:STMicroelectronics:Device:STMicro_Driver:XSPI:HAL::0.0.1:HAL_XSPI
2026-04-24 00:26:25,355 [INFO] ThirdPartyModel:298 - Start build external matchings
2026-04-24 00:26:25,667 [INFO] ThirdPartyModel:316 - End build external matchings
2026-04-24 00:26:25,681 [INFO] ImportTextPane:218 - (OptionalMessage_ERROR) IP (RCC) : Parameter (RTCHSEDivFreq_Value) has invalid value (4000000)
2026-04-24 00:26:26,002 [INFO] UtilMem:75 - End LoadConfig() Used Memory: 774355680 Bytes (1073741824)
2026-04-24 00:26:26,190 [WARN] ThirdParty:833 - waiting for thirdparty lock release [change project]
2026-04-24 00:26:26,191 [INFO] ThirdParty:835 - entering critical section [change project]
2026-04-24 00:26:26,191 [INFO] ThirdParty:1030 - CMSIS Pack Vendor :STMicroelectronics X-CUBE-AZRTOS-H7 3.5.0
2026-04-24 00:26:26,191 [INFO] ThirdParty:1030 - CMSIS Pack Vendor :STMicroelectronics X-CUBE-PM33A1 1.0.0
2026-04-24 00:26:26,191 [INFO] ThirdParty:1030 - CMSIS Pack Vendor :STMicroelectronics USBPD 4.1
2026-04-24 00:26:26,191 [INFO] ThirdParty:1030 - CMSIS Pack Vendor :STMicroelectronics X-CUBE-NFC9 1.0.0
2026-04-24 00:26:26,191 [INFO] ThirdParty:1030 - CMSIS Pack Vendor :STMicroelectronics USB_HOST 2.0.0
2026-04-24 00:26:26,191 [INFO] ThirdParty:1030 - CMSIS Pack Vendor :STMicroelectronics X-CUBE-AZRTOS-F4 1.1.0
2026-04-24 00:26:26,191 [INFO] ThirdParty:1030 - CMSIS Pack Vendor :STMicroelectronics LIBJPEG 8.0.0
2026-04-24 00:26:26,191 [INFO] ThirdParty:1030 - CMSIS Pack Vendor :STMicroelectronics FP-ATR-ASTRA1 2.0.2
2026-04-24 00:26:26,191 [INFO] ThirdParty:1030 - CMSIS Pack Vendor :STMicroelectronics X-CUBE-BLE1 7.1.0
2026-04-24 00:26:26,191 [INFO] ThirdParty:1030 - CMSIS Pack Vendor :STMicroelectronics X-CUBE-SMBUS 2.1.0
2026-04-24 00:26:26,191 [INFO] ThirdParty:1030 - CMSIS Pack Vendor :wolfSSL I-CUBE-wolfMQTT 1.19.2
2026-04-24 00:26:26,191 [INFO] ThirdParty:1030 - CMSIS Pack Vendor :STMicroelectronics USB_DEVICE 3.0.0
2026-04-24 00:26:26,191 [INFO] ThirdParty:1030 - CMSIS Pack Vendor :STMicroelectronics X-CUBE-ISPU 2.1.0
2026-04-24 00:26:26,191 [INFO] ThirdParty:1030 - CMSIS Pack Vendor :STMicroelectronics X-CUBE-EEPRMA1 5.2.0
2026-04-24 00:26:26,191 [INFO] ThirdParty:1030 - CMSIS Pack Vendor :STMicroelectronics X-CUBE-BLEMGR 4.1.0
2026-04-24 00:26:26,191 [INFO] ThirdParty:1030 - CMSIS Pack Vendor :STMicroelectronics eDS-WB_DPC_TT-BIDIR 2.1.1
2026-04-24 00:26:26,191 [INFO] ThirdParty:1030 - CMSIS Pack Vendor :STMicroelectronics X-CUBE-AZRTOS-WB 2.0.0
2026-04-24 00:26:26,192 [INFO] ThirdParty:1030 - CMSIS Pack Vendor :wolfSSL I-CUBE-wolfSSL 5.8.4
2026-04-24 00:26:26,192 [INFO] ThirdParty:1030 - CMSIS Pack Vendor :Cesanta I-CUBE-Mongoose 7.20.0
2026-04-24 00:26:26,192 [INFO] ThirdParty:1030 - CMSIS Pack Vendor :STMicroelectronics X-CUBE-NFC12 1.0.0
2026-04-24 00:26:26,192 [INFO] ThirdParty:1030 - CMSIS Pack Vendor :STMicroelectronics X-CUBE-AZRTOS-F7 1.1.0
2026-04-24 00:26:26,192 [INFO] ThirdParty:1030 - CMSIS Pack Vendor :STMicroelectronics X-CUBE-AZRTOS-L5 2.0.0
2026-04-24 00:26:26,192 [INFO] ThirdParty:1030 - CMSIS Pack Vendor :STMicroelectronics USB_DEVICE 2.0.0
2026-04-24 00:26:26,192 [INFO] ThirdParty:1030 - CMSIS Pack Vendor :quantropi X-CUBE-qispace-sdk-base 2.1.0
2026-04-24 00:26:26,192 [INFO] ThirdParty:1030 - CMSIS Pack Vendor :STMicroelectronics X-CUBE-MEMS1 12.0.0
2026-04-24 00:26:26,192 [INFO] ThirdParty:1030 - CMSIS Pack Vendor :STMicroelectronics X-CUBE-STSE01 2.0.0
2026-04-24 00:26:26,192 [INFO] ThirdParty:1030 - CMSIS Pack Vendor :STMicroelectronics FreeRTOS 0.0.1
2026-04-24 00:26:26,192 [INFO] ThirdParty:1030 - CMSIS Pack Vendor :STMicroelectronics X-CUBE-AZRTOS-G0 1.1.0
2026-04-24 00:26:26,192 [INFO] ThirdParty:1030 - CMSIS Pack Vendor :STMicroelectronics X-CUBE-NFC4 3.0.0
2026-04-24 00:26:26,192 [INFO] ThirdParty:1030 - CMSIS Pack Vendor :STMicroelectronics X-CUBE-SUBG2 5.0.0
2026-04-24 00:26:26,192 [INFO] ThirdParty:1030 - CMSIS Pack Vendor :STMicroelectronics STM32_WPAN 1.0.0
2026-04-24 00:26:26,192 [INFO] ThirdParty:1030 - CMSIS Pack Vendor :STMicroelectronics eDS-WB_DPC_VIENNA 1.2.0
2026-04-24 00:26:26,192 [INFO] ThirdParty:1030 - CMSIS Pack Vendor :EmbeddedOffice I-CUBE-FS-RTOS 1.0.1
2026-04-24 00:26:26,192 [INFO] ThirdParty:1030 - CMSIS Pack Vendor :STMicroelectronics lwIP 2.0.3
2026-04-24 00:26:26,192 [INFO] ThirdParty:1030 - CMSIS Pack Vendor :STMicroelectronics eDS-WB_DPC_3PH2L-BIDIR 1.1.1
2026-04-24 00:26:26,192 [INFO] ThirdParty:1030 - CMSIS Pack Vendor :STMicroelectronics USB_HOST 1.0.0
2026-04-24 00:26:26,192 [INFO] ThirdParty:1030 - CMSIS Pack Vendor :STMicroelectronics X-CUBE-AZRTOS-G4 2.0.0
2026-04-24 00:26:26,192 [INFO] ThirdParty:1030 - CMSIS Pack Vendor :STMicroelectronics X-CUBE-WB05N 2.0.0
2026-04-24 00:26:26,192 [INFO] ThirdParty:1030 - CMSIS Pack Vendor :STMicroelectronics PDM2PCM 3.1.0
2026-04-24 00:26:26,192 [INFO] ThirdParty:1030 - CMSIS Pack Vendor :STMicroelectronics PDM2PCM 3.3.0
2026-04-24 00:26:26,192 [INFO] ThirdParty:1030 - CMSIS Pack Vendor :wolfSSL I-CUBE-wolfTPM 3.8.0
2026-04-24 00:26:26,192 [INFO] ThirdParty:1030 - CMSIS Pack Vendor :STMicroelectronics X-CUBE-DISPLAY 3.0.0
2026-04-24 00:26:26,192 [INFO] ThirdParty:1030 - CMSIS Pack Vendor :wolfSSL I-CUBE-wolfSSH 1.4.20
2026-04-24 00:26:26,192 [INFO] ThirdParty:1030 - CMSIS Pack Vendor :STMicroelectronics X-CUBE-NFC7 2.0.0
2026-04-24 00:26:26,192 [INFO] ThirdParty:1030 - CMSIS Pack Vendor :STMicroelectronics X-CUBE-TCPP 4.2.0
2026-04-24 00:26:26,192 [INFO] ThirdParty:1030 - CMSIS Pack Vendor :RealThread X-CUBE-RT-Thread_Nano 4.1.1
2026-04-24 00:26:26,192 [INFO] ThirdParty:1030 - CMSIS Pack Vendor :STMicroelectronics FP-ATR-SIGFOX1 3.2.0
2026-04-24 00:26:26,192 [INFO] ThirdParty:1030 - CMSIS Pack Vendor :STMicroelectronics X-CUBE-NFC10 1.0.0
2026-04-24 00:26:26,192 [INFO] ThirdParty:1030 - CMSIS Pack Vendor :STMicroelectronics HAL Drivers 0.0.0
2026-04-24 00:26:26,193 [INFO] ThirdParty:1030 - CMSIS Pack Vendor :STMicroelectronics MBEDTLS 2.16.2
2026-04-24 00:26:26,193 [INFO] ThirdParty:1030 - CMSIS Pack Vendor :STMicroelectronics X-CUBE-ST60 1.1.0
2026-04-24 00:26:26,193 [INFO] ThirdParty:1030 - CMSIS Pack Vendor :STMicroelectronics X-CUBE-ALS 1.0.2
2026-04-24 00:26:26,193 [INFO] ThirdParty:1030 - CMSIS Pack Vendor :emotas I-CUBE-CANOPEN 1.3.0
2026-04-24 00:26:26,193 [INFO] ThirdParty:1030 - CMSIS Pack Vendor :STMicroelectronics MBEDTLS 2.14.1
2026-04-24 00:26:26,193 [INFO] ThirdParty:1030 - CMSIS Pack Vendor :STMicroelectronics X-CUBE-GNSS1 7.1.0
2026-04-24 00:26:26,193 [INFO] ThirdParty:1030 - CMSIS Pack Vendor :ITTIA_DB I-CUBE-ITTIADB 8.9.0
2026-04-24 00:26:26,193 [INFO] ThirdParty:1030 - CMSIS Pack Vendor :STMicroelectronics X-CUBE-TOUCHGFX 4.26.1
2026-04-24 00:26:26,193 [INFO] ThirdParty:1030 - CMSIS Pack Vendor :STMicroelectronics X-CUBE-NFC6 3.2.0
2026-04-24 00:26:26,193 [INFO] ThirdParty:1030 - CMSIS Pack Vendor :STMicroelectronics X-CUBE-AI 10.2.0
2026-04-24 00:26:26,193 [INFO] ThirdParty:1030 - CMSIS Pack Vendor :STMicroelectronics FP-SNS-STAIOTCFT 1.0.0
2026-04-24 00:26:26,193 [INFO] ThirdParty:1030 - CMSIS Pack Vendor :STMicroelectronics ThreadX 1.0.0
2026-04-24 00:26:26,193 [INFO] ThirdParty:1030 - CMSIS Pack Vendor :STMicroelectronics FP-SNS-SMARTAG2 1.2.0
2026-04-24 00:26:26,193 [INFO] ThirdParty:1030 - CMSIS Pack Vendor :STMicroelectronics FP-SNS-FLIGHT1 5.1.0
2026-04-24 00:26:26,193 [INFO] ThirdParty:1030 - CMSIS Pack Vendor :STMicroelectronics X-CUBE-AZRTOS-WL 2.0.0
2026-04-24 00:26:26,193 [INFO] ThirdParty:1030 - CMSIS Pack Vendor :SEGGER I-CUBE-embOS 1.3.1
2026-04-24 00:26:26,193 [INFO] ThirdParty:1030 - CMSIS Pack Vendor :STMicroelectronics X-CUBE-ALGOBUILD 1.4.0
2026-04-24 00:26:26,193 [INFO] ThirdParty:1030 - CMSIS Pack Vendor :STMicroelectronics X-CUBE-DPower 1.3.0
2026-04-24 00:26:26,193 [INFO] ThirdParty:1030 - CMSIS Pack Vendor :STMicroelectronics USB_DEVICE 1.0.0
2026-04-24 00:26:26,193 [INFO] ThirdParty:1030 - CMSIS Pack Vendor :STMicroelectronics X-CUBE-AZRTOS-H7RS 1.2.0
2026-04-24 00:26:26,193 [INFO] ThirdParty:1030 - CMSIS Pack Vendor :STMicroelectronics X-CUBE-AZRTOS-L4 2.0.0
2026-04-24 00:26:26,193 [INFO] ThirdParty:1030 - CMSIS Pack Vendor :STMicroelectronics ThreadX 0.0.2
2026-04-24 00:26:26,193 [INFO] ThirdParty:1030 - CMSIS Pack Vendor :STMicroelectronics lwIP 2.1.2
2026-04-24 00:26:26,193 [INFO] ThirdParty:1030 - CMSIS Pack Vendor :STMicroelectronics X-CUBE-SFXS2LP1 4.0.0
2026-04-24 00:26:26,193 [INFO] ThirdParty:1030 - CMSIS Pack Vendor :STMicroelectronics X-CUBE-BLE2 3.3.0
2026-04-24 00:26:26,193 [INFO] ThirdParty:1030 - CMSIS Pack Vendor :Avnet-IOTCONNECT X-CUBE-iotc-st67-sdk 1.0.0
2026-04-24 00:26:26,193 [INFO] ThirdParty:1030 - CMSIS Pack Vendor :STMicroelectronics X-CUBE-TOF1 3.4.3
2026-04-24 00:26:26,193 [INFO] ThirdParty:1030 - CMSIS Pack Vendor :Infineon AIROC-Wi-Fi-Bluetooth-STM32 1.8.0
2026-04-24 00:26:26,193 [INFO] ThirdParty:1030 - CMSIS Pack Vendor :STMicroelectronics PDM2PCM 3.2.0
2026-04-24 00:26:26,193 [INFO] ThirdParty:1030 - CMSIS Pack Vendor :STMicroelectronics X-CUBE-WB05N 2.1.0
2026-04-24 00:26:26,193 [INFO] ThirdParty:841 - exiting critical section [change project]
2026-04-24 00:26:26,592 [INFO] PinOutPanel:1589 - setPackage(No Configuration,No Configuration)
2026-04-24 00:26:26,594 [INFO] PinOutPanel:1589 - setPackage(STM32F407VGTx,LQFP100)
2026-04-24 00:26:27,172 [INFO] UtilMem:75 - Before build in PCC Used Memory: 667353896 Bytes (1073741824)
2026-04-24 00:26:28,109 [INFO] UtilMem:75 - After build in PCC Used Memory: 738130728 Bytes (1073741824)
2026-04-24 00:26:28,256 [INFO] ApiDbMcu:508 - Load IP Config File for USB_HOST
2026-04-24 00:26:28,259 [WARN] BspModel:444 - BSP dependency skipped because of component: name='IOExpander', api='Unknown'
2026-04-24 00:26:28,299 [INFO] IPUIPlugin:80 - create IPUIPlugin
2026-04-24 00:26:28,299 [INFO] IPUIPlugin:80 - create IPUIPlugin
2026-04-24 00:26:28,299 [INFO] IPUIPlugin:80 - create IPUIPlugin
2026-04-24 00:26:28,300 [INFO] IPUIPlugin:80 - create IPUIPlugin
2026-04-24 00:26:28,300 [INFO] IPUIPlugin:80 - create IPUIPlugin
2026-04-24 00:26:28,300 [INFO] IPUIPlugin:80 - create IPUIPlugin
2026-04-24 00:26:28,300 [INFO] IPUIPlugin:80 - create IPUIPlugin
2026-04-24 00:26:28,300 [INFO] IPUIPlugin:80 - create IPUIPlugin
2026-04-24 00:26:28,301 [INFO] IPUIPlugin:80 - create IPUIPlugin
2026-04-24 00:26:28,301 [INFO] IPUIPlugin:80 - create IPUIPlugin
2026-04-24 00:26:28,301 [INFO] IPUIPlugin:80 - create IPUIPlugin
2026-04-24 00:26:28,301 [INFO] IPUIPlugin:80 - create IPUIPlugin
2026-04-24 00:26:28,301 [INFO] IPUIPlugin:80 - create IPUIPlugin
2026-04-24 00:26:28,301 [INFO] IPUIPlugin:80 - create IPUIPlugin
2026-04-24 00:26:28,301 [INFO] IPUIPlugin:80 - create IPUIPlugin
2026-04-24 00:26:28,302 [INFO] IPUIPlugin:80 - create IPUIPlugin
2026-04-24 00:26:28,302 [INFO] IPUIPlugin:80 - create IPUIPlugin
2026-04-24 00:26:28,302 [INFO] IPUIPlugin:80 - create IPUIPlugin
2026-04-24 00:26:28,302 [INFO] IPUIPlugin:80 - create IPUIPlugin
2026-04-24 00:26:28,302 [INFO] IPUIPlugin:80 - create IPUIPlugin
2026-04-24 00:26:28,303 [INFO] IPUIPlugin:80 - create IPUIPlugin
2026-04-24 00:26:28,303 [INFO] IPUIPlugin:80 - create IPUIPlugin
2026-04-24 00:26:28,303 [INFO] IPUIPlugin:80 - create IPUIPlugin
2026-04-24 00:26:28,303 [INFO] IPUIPlugin:80 - create IPUIPlugin
2026-04-24 00:26:28,304 [INFO] IPUIPlugin:80 - create IPUIPlugin
2026-04-24 00:26:28,304 [INFO] IPUIPlugin:80 - create IPUIPlugin
2026-04-24 00:26:28,304 [INFO] IPUIPlugin:80 - create IPUIPlugin
2026-04-24 00:26:28,304 [INFO] IPUIPlugin:80 - create IPUIPlugin
2026-04-24 00:26:28,304 [INFO] IPUIPlugin:80 - create IPUIPlugin
2026-04-24 00:26:28,305 [INFO] IPUIPlugin:80 - create IPUIPlugin
2026-04-24 00:26:28,305 [INFO] IPUIPlugin:80 - create IPUIPlugin
2026-04-24 00:26:28,305 [INFO] IPUIPlugin:80 - create IPUIPlugin
2026-04-24 00:26:28,305 [INFO] IPUIPlugin:80 - create IPUIPlugin
2026-04-24 00:26:28,306 [INFO] IPUIPlugin:80 - create IPUIPlugin
2026-04-24 00:26:28,306 [INFO] IPUIPlugin:80 - create IPUIPlugin
2026-04-24 00:26:28,306 [INFO] IPUIPlugin:80 - create IPUIPlugin
2026-04-24 00:26:28,306 [INFO] IPUIPlugin:80 - create IPUIPlugin
2026-04-24 00:26:28,306 [INFO] IPUIPlugin:80 - create IPUIPlugin
2026-04-24 00:26:28,307 [INFO] IPUIPlugin:80 - create IPUIPlugin
2026-04-24 00:26:28,307 [INFO] IPUIPlugin:80 - create IPUIPlugin
2026-04-24 00:26:28,307 [INFO] IPUIPlugin:80 - create IPUIPlugin
2026-04-24 00:26:28,307 [INFO] IPUIPlugin:80 - create IPUIPlugin
2026-04-24 00:26:28,308 [INFO] IPUIPlugin:80 - create IPUIPlugin
2026-04-24 00:26:28,308 [INFO] IPUIPlugin:80 - create IPUIPlugin
2026-04-24 00:26:28,308 [INFO] IPUIPlugin:80 - create IPUIPlugin
2026-04-24 00:26:28,309 [INFO] IPUIPlugin:80 - create IPUIPlugin
2026-04-24 00:26:28,309 [INFO] IPUIPlugin:80 - create IPUIPlugin
2026-04-24 00:26:28,309 [INFO] IPUIPlugin:80 - create IPUIPlugin
2026-04-24 00:26:28,310 [INFO] IPUIPlugin:80 - create IPUIPlugin
2026-04-24 00:26:28,310 [INFO] IPUIPlugin:80 - create IPUIPlugin
2026-04-24 00:26:28,310 [INFO] IPUIPlugin:80 - create IPUIPlugin
2026-04-24 00:26:28,311 [INFO] IPUIPlugin:80 - create IPUIPlugin
2026-04-24 00:26:28,311 [INFO] IPUIPlugin:80 - create IPUIPlugin
2026-04-24 00:26:28,311 [INFO] IPUIPlugin:80 - create IPUIPlugin
2026-04-24 00:26:28,312 [INFO] IPUIPlugin:80 - create IPUIPlugin
2026-04-24 00:26:28,312 [INFO] IPUIPlugin:80 - create IPUIPlugin
2026-04-24 00:26:28,313 [INFO] IPUIPlugin:80 - create IPUIPlugin
2026-04-24 00:26:28,313 [INFO] IPUIPlugin:80 - create IPUIPlugin
2026-04-24 00:26:28,324 [INFO] ApiDbMcu:508 - Load IP Config File for PDM2PCM
2026-04-24 00:26:28,334 [WARN] IP:2250 - I2C_Coeff_DF not found: check if there is a RefParameter without a condition.
2026-04-24 00:26:28,334 [WARN] IP:2250 - Analog_Filter not found: check if there is a RefParameter without a condition.
2026-04-24 00:26:28,348 [INFO] I2sManager:658 - 9.6E7
2026-04-24 00:26:28,348 [INFO] I2sManager:195 - I2S Clock Value : 9.6E7
2026-04-24 00:26:28,352 [INFO] I2sManager:553 - AudioClock : 93750Divider : 2Odd : 0
2026-04-24 00:26:28,571 [INFO] CADModel:165 - CPN selected for project levelSTM32F407VGT6
2026-04-24 00:26:28,571 [INFO] CADModel:114 - Register for checkConnection events
2026-04-24 00:26:28,623 [INFO] OpenFileManager:385 - Restore cursor
2026-04-24 00:26:28,883 [WARN] IP:2250 - I2C_Coeff_DF not found: check if there is a RefParameter without a condition.
2026-04-24 00:26:28,883 [WARN] IP:2250 - Analog_Filter not found: check if there is a RefParameter without a condition.
2026-04-24 00:26:28,884 [WARN] IP:2250 - I2C_Coeff_DF not found: check if there is a RefParameter without a condition.
2026-04-24 00:26:28,884 [WARN] IP:2250 - Analog_Filter not found: check if there is a RefParameter without a condition.
2026-04-24 00:26:29,603 [INFO] UtilMem:75 - End SaveConfig() Used Memory: 903499600 Bytes (1073741824)
2026-04-24 00:26:29,699 [INFO] UtilMem:75 - End SaveConfig() Used Memory: 924717656 Bytes (1073741824)
2026-04-24 00:26:30,169 [INFO] BlockDiagram:2775 - set Specific Code input for plugin: SPI
2026-04-24 00:26:30,170 [INFO] BlockDiagram:2775 - set Specific Code input for plugin: I2S
2026-04-24 00:26:30,170 [INFO] BlockDiagram:2775 - set Specific Code input for plugin: SYS
2026-04-24 00:26:30,170 [INFO] BlockDiagram:2775 - set Specific Code input for plugin: RCC
2026-04-24 00:26:30,170 [INFO] BlockDiagram:2775 - set Specific Code input for plugin: I2C
2026-04-24 00:26:30,170 [INFO] BlockDiagram:2775 - set Specific Code input for plugin: USB_OTG_FS
2026-04-24 00:26:30,170 [INFO] BlockDiagram:2775 - set Specific Code input for plugin: NVIC
2026-04-24 00:26:30,170 [INFO] BlockDiagram:2775 - set Specific Code input for plugin: USB_HOST
2026-04-24 00:26:30,171 [INFO] BlockDiagram:2775 - set Specific Code input for plugin: GPIO
2026-04-24 00:26:30,172 [INFO] CodeGenerator:882 - code generatio: config db path: C:\ST\STM32CubeIDE_1.18.1\STM32CubeIDE\plugins\com.st.stm32cube.common.mx_6.14.1.202504091515\\db\
2026-04-24 00:26:30,179 [WARN] IP:2250 - I2C_Coeff_DF not found: check if there is a RefParameter without a condition.
2026-04-24 00:26:30,180 [WARN] IP:2250 - Analog_Filter not found: check if there is a RefParameter without a condition.
2026-04-24 00:26:30,352 [INFO] CodeEngine:263 - oldGeneratedFile, C:\Users\ADMIN\STM32CubeIDE\workspace_ECU\Engine_ECU\MXTmpFiles\license.tmp_save
2026-04-24 00:26:30,847 [INFO] CodeEngine:287 - Generated code: C:\Users\ADMIN\STM32CubeIDE\workspace_ECU\Engine_ECU\MXTmpFiles\license.tmp
2026-04-24 00:26:30,930 [INFO] CodeEngine:263 - oldGeneratedFile, C:\Users\ADMIN\STM32CubeIDE\workspace_ECU\Engine_ECU\MXTmpFiles\gpio.tmp_save
2026-04-24 00:26:31,070 [INFO] CodeEngine:287 - Generated code: C:\Users\ADMIN\STM32CubeIDE\workspace_ECU\Engine_ECU\MXTmpFiles\gpio.tmp
2026-04-24 00:26:31,163 [WARN] IPConfigManager:3217 - Warning: the RefConfig PWREx_EnableUSBVoltageDetector is not available in your config.xml file
2026-04-24 00:26:31,172 [INFO] CodeEngine:263 - oldGeneratedFile, C:\Users\ADMIN\STM32CubeIDE\workspace_ECU\Engine_ECU\MXTmpFiles\usb_otg_fs_vars.tmp_save
2026-04-24 00:26:31,252 [INFO] CodeEngine:287 - Generated code: C:\Users\ADMIN\STM32CubeIDE\workspace_ECU\Engine_ECU\MXTmpFiles\usb_otg_fs_vars.tmp
2026-04-24 00:26:31,256 [INFO] CodeEngine:263 - oldGeneratedFile, C:\Users\ADMIN\STM32CubeIDE\workspace_ECU\Engine_ECU\MXTmpFiles\usb_otg_fs_inc.tmp_save
2026-04-24 00:26:31,320 [INFO] CodeEngine:287 - Generated code: C:\Users\ADMIN\STM32CubeIDE\workspace_ECU\Engine_ECU\MXTmpFiles\usb_otg_fs_inc.tmp
2026-04-24 00:26:31,325 [INFO] CodeEngine:263 - oldGeneratedFile, C:\Users\ADMIN\STM32CubeIDE\workspace_ECU\Engine_ECU\MXTmpFiles\usb_otg_fs_HalInit.tmp_save
2026-04-24 00:26:31,425 [INFO] CodeEngine:287 - Generated code: C:\Users\ADMIN\STM32CubeIDE\workspace_ECU\Engine_ECU\MXTmpFiles\usb_otg_fs_HalInit.tmp
2026-04-24 00:26:31,431 [INFO] CodeEngine:263 - oldGeneratedFile, C:\Users\ADMIN\STM32CubeIDE\workspace_ECU\Engine_ECU\MXTmpFiles\usb_otg_fs_Msp.tmp_save
2026-04-24 00:26:31,519 [INFO] CodeEngine:287 - Generated code: C:\Users\ADMIN\STM32CubeIDE\workspace_ECU\Engine_ECU\MXTmpFiles\usb_otg_fs_Msp.tmp
2026-04-24 00:26:31,784 [INFO] CodeEngine:263 - oldGeneratedFile, C:\Users\ADMIN\STM32CubeIDE\workspace_ECU\Engine_ECU\USB_HOST\App\usb_host.c_save
2026-04-24 00:26:31,868 [INFO] CodeEngine:287 - Generated code: C:\Users\ADMIN\STM32CubeIDE\workspace_ECU\Engine_ECU\USB_HOST\App\usb_host.c
2026-04-24 00:26:31,872 [INFO] CodeEngine:263 - oldGeneratedFile, C:\Users\ADMIN\STM32CubeIDE\workspace_ECU\Engine_ECU\USB_HOST\App\usb_host.h_save
2026-04-24 00:26:31,943 [INFO] CodeEngine:287 - Generated code: C:\Users\ADMIN\STM32CubeIDE\workspace_ECU\Engine_ECU\USB_HOST\App\usb_host.h
2026-04-24 00:26:31,951 [INFO] CodeEngine:263 - oldGeneratedFile, C:\Users\ADMIN\STM32CubeIDE\workspace_ECU\Engine_ECU\USB_HOST\Target\usbh_conf.h_save
2026-04-24 00:26:32,039 [INFO] CodeEngine:287 - Generated code: C:\Users\ADMIN\STM32CubeIDE\workspace_ECU\Engine_ECU\USB_HOST\Target\usbh_conf.h
2026-04-24 00:26:32,049 [INFO] CodeEngine:263 - oldGeneratedFile, C:\Users\ADMIN\STM32CubeIDE\workspace_ECU\Engine_ECU\USB_HOST\Target\usbh_conf.c_save
2026-04-24 00:26:32,150 [INFO] CodeEngine:287 - Generated code: C:\Users\ADMIN\STM32CubeIDE\workspace_ECU\Engine_ECU\USB_HOST\Target\usbh_conf.c
2026-04-24 00:26:32,155 [INFO] CodeEngine:263 - oldGeneratedFile, C:\Users\ADMIN\STM32CubeIDE\workspace_ECU\Engine_ECU\USB_HOST\Target\usbh_platform.c_save
2026-04-24 00:26:32,233 [INFO] CodeEngine:287 - Generated code: C:\Users\ADMIN\STM32CubeIDE\workspace_ECU\Engine_ECU\USB_HOST\Target\usbh_platform.c
2026-04-24 00:26:32,237 [INFO] CodeEngine:263 - oldGeneratedFile, C:\Users\ADMIN\STM32CubeIDE\workspace_ECU\Engine_ECU\USB_HOST\Target\usbh_platform.h_save
2026-04-24 00:26:32,296 [INFO] CodeEngine:287 - Generated code: C:\Users\ADMIN\STM32CubeIDE\workspace_ECU\Engine_ECU\USB_HOST\Target\usbh_platform.h
2026-04-24 00:26:32,309 [INFO] CodeEngine:263 - oldGeneratedFile, C:\Users\ADMIN\STM32CubeIDE\workspace_ECU\Engine_ECU\Core\Src\stm32f4xx_it.c_save
2026-04-24 00:26:32,402 [INFO] CodeEngine:287 - Generated code: C:\Users\ADMIN\STM32CubeIDE\workspace_ECU\Engine_ECU\Core\Src\stm32f4xx_it.c
2026-04-24 00:26:32,406 [INFO] CodeEngine:263 - oldGeneratedFile, C:\Users\ADMIN\STM32CubeIDE\workspace_ECU\Engine_ECU\Core\Inc\stm32f4xx_it.h_save
2026-04-24 00:26:32,476 [INFO] CodeEngine:287 - Generated code: C:\Users\ADMIN\STM32CubeIDE\workspace_ECU\Engine_ECU\Core\Inc\stm32f4xx_it.h
2026-04-24 00:26:32,499 [INFO] CodeEngine:263 - oldGeneratedFile, C:\Users\ADMIN\STM32CubeIDE\workspace_ECU\Engine_ECU\Core\Src\stm32f4xx_hal_msp.c_save
2026-04-24 00:26:32,622 [INFO] CodeEngine:287 - Generated code: C:\Users\ADMIN\STM32CubeIDE\workspace_ECU\Engine_ECU\Core\Src\stm32f4xx_hal_msp.c
2026-04-24 00:26:32,628 [INFO] CodeEngine:263 - oldGeneratedFile, C:\Users\ADMIN\STM32CubeIDE\workspace_ECU\Engine_ECU\MXTmpFiles\system.tmp_save
2026-04-24 00:26:32,686 [INFO] CodeEngine:287 - Generated code: C:\Users\ADMIN\STM32CubeIDE\workspace_ECU\Engine_ECU\MXTmpFiles\system.tmp
2026-04-24 00:26:32,696 [INFO] CodeEngine:319 - oldGeneratedFile, C:\Users\ADMIN\STM32CubeIDE\workspace_ECU\Engine_ECU\Core\Inc\stm32f4xx_hal_conf.h_save
2026-04-24 00:26:32,769 [INFO] CodeEngine:343 - Generated code: C:\Users\ADMIN\STM32CubeIDE\workspace_ECU\Engine_ECU\Core\Inc\stm32f4xx_hal_conf.h
2026-04-24 00:26:32,807 [INFO] ApiDbMcu:508 - Load IP Config File for I2C1
2026-04-24 00:26:32,810 [INFO] ApiDbMcu:508 - Load IP Config File for I2S3
2026-04-24 00:26:32,813 [INFO] ApiDbMcu:508 - Load IP Config File for SPI1
2026-04-24 00:26:32,820 [INFO] ApiDbMcu:508 - Load IP Config File for RCC
2026-04-24 00:26:32,832 [INFO] CodeEngine:263 - oldGeneratedFile, C:\Users\ADMIN\STM32CubeIDE\workspace_ECU\Engine_ECU\Core\Inc\main.h_save
2026-04-24 00:26:32,912 [INFO] CodeEngine:287 - Generated code: C:\Users\ADMIN\STM32CubeIDE\workspace_ECU\Engine_ECU\Core\Inc\main.h
2026-04-24 00:26:32,916 [INFO] CodeEngine:263 - oldGeneratedFile, C:\Users\ADMIN\STM32CubeIDE\workspace_ECU\Engine_ECU\Core\Src\main.c_save
2026-04-24 00:26:33,039 [INFO] CodeEngine:287 - Generated code: C:\Users\ADMIN\STM32CubeIDE\workspace_ECU\Engine_ECU\Core\Src\main.c
2026-04-24 00:26:33,424 [INFO] ProjectBuilder:3324 - Time for Copy HAL[1] : 165mS.
2026-04-24 00:26:33,438 [INFO] ProjectBuilder:4912 - Project Generator version: 4.6.0.1-B1
2026-04-24 00:26:33,575 [INFO] ConfigFileManager:1590 - The Die is : DIE413
2026-04-24 00:26:33,579 [INFO] ApiDbMcu:508 - Load IP Config File for FATFS
2026-04-24 00:26:33,585 [INFO] ApiDbMcu:508 - Load IP Config File for FREERTOS
2026-04-24 00:26:33,587 [INFO] ApiDbMcu:508 - Load IP Config File for LIBJPEG
2026-04-24 00:26:33,592 [INFO] ApiDbMcu:508 - Load IP Config File for LWIP
2026-04-24 00:26:33,616 [INFO] ApiDbMcu:508 - Load IP Config File for MBEDTLS
2026-04-24 00:26:33,625 [INFO] ApiDbMcu:508 - Load IP Config File for USB_DEVICE
